# JRE version: OpenJDK Runtime Environment Temurin-21.0.10+7 (21.0.10+7) (build 21.0.10+7-LTS)
# Java VM: OpenJDK 64-Bit Server VM Temurin-21.0.10+7 (21.0.10+7-LTS, mixed mode, sharing, tiered, compressed oops, compressed class ptrs, parallel gc, windows-amd64)
GC Precious Log:
 CardTable entry size: 512
 CPUs: 8 total, 8 available
 Memory: 16057M
 Large Page Support: Disabled
 NUMA Support: Disabled
 Compressed Oops: Enabled (32-bit)
 Alignments: Space 512K, Generation 512K, Heap 2M
 Heap Min Capacity: 100M
 Heap Initial Capacity: 100M
 Heap Max Capacity: 2G
 Pre-touch: Disabled
 Parallel Workers: 8
Heap:
 PSYoungGen      total 7680K, used 1027K [0x00000000d5580000, 0x00000000d6100000, 0x0000000100000000)
  eden space 4096K, 17% used [0x00000000d5580000,0x00000000d5630d58,0x00000000d5980000)
  from space 3584K, 8% used [0x00000000d5b00000,0x00000000d5b50040,0x00000000d5e80000)
  to   space 1024K, 0% used [0x00000000d6000000,0x00000000d6000000,0x00000000d6100000)
 ParOldGen       total 199680K, used 199466K [0x0000000080000000, 0x000000008c300000, 0x00000000d5580000)
  object space 199680K, 99% used [0x0000000080000000,0x000000008c2ca9f0,0x000000008c300000)
 Metaspace       used 74926K, committed 76608K, reserved 1179648K
  class space    used 7618K, committed 8320K, reserved 1048576K
GC Heap History (20 events):
Event: 2002.959 GC heap before
{Heap before GC invocations=310 (full 4):
 PSYoungGen      total 3584K, used 3577K [0x00000000d5580000, 0x00000000d5e00000, 0x0000000100000000)
  eden space 2048K, 100% used [0x00000000d5580000,0x00000000d5780000,0x00000000d5780000)
  from space 1536K, 99% used [0x00000000d5780000,0x00000000d58fe580,0x00000000d5900000)
  to   space 3072K, 0% used [0x00000000d5b00000,0x00000000d5b00000,0x00000000d5e00000)
 ParOldGen       total 183296K, used 183076K [0x0000000080000000, 0x000000008b300000, 0x00000000d5580000)
  object space 183296K, 99% used [0x0000000080000000,0x000000008b2c9120,0x000000008b300000)
 Metaspace       used 74864K, committed 76480K, reserved 1179648K
  class space    used 7616K, committed 8320K, reserved 1048576K
}
Event: 2002.963 GC heap after
{Heap after GC invocations=310 (full 4):
 PSYoungGen      total 5120K, used 2112K [0x00000000d5580000, 0x00000000d5d80000, 0x0000000100000000)
  eden space 2560K, 0% used [0x00000000d5580000,0x00000000d5580000,0x00000000d5800000)
  from space 2560K, 82% used [0x00000000d5b00000,0x00000000d5d10000,0x00000000d5d80000)
  to   space 2560K, 0% used [0x00000000d5880000,0x00000000d5880000,0x00000000d5b00000)
 ParOldGen       total 184832K, used 184613K [0x0000000080000000, 0x000000008b480000, 0x00000000d5580000)
  object space 184832K, 99% used [0x0000000080000000,0x000000008b4496a0,0x000000008b480000)
 Metaspace       used 74864K, committed 76480K, reserved 1179648K
  class space    used 7616K, committed 8320K, reserved 1048576K
}
Event: 2002.985 GC heap before
{Heap before GC invocations=311 (full 4):
 PSYoungGen      total 5120K, used 4672K [0x00000000d5580000, 0x00000000d5d80000, 0x0000000100000000)
  eden space 2560K, 100% used [0x00000000d5580000,0x00000000d5800000,0x00000000d5800000)
  from space 2560K, 82% used [0x00000000d5b00000,0x00000000d5d10000,0x00000000d5d80000)
  to   space 2560K, 0% used [0x00000000d5880000,0x00000000d5880000,0x00000000d5b00000)
 ParOldGen       total 184832K, used 184613K [0x0000000080000000, 0x000000008b480000, 0x00000000d5580000)
  object space 184832K, 99% used [0x0000000080000000,0x000000008b4496a0,0x000000008b480000)
 Metaspace       used 74865K, committed 76480K, reserved 1179648K
  class space    used 7616K, committed 8320K, reserved 1048576K
}
Event: 2002.990 GC heap after
{Heap after GC invocations=311 (full 4):
 PSYoungGen      total 5120K, used 1616K [0x00000000d5580000, 0x00000000d5c80000, 0x0000000100000000)
  eden space 3072K, 0% used [0x00000000d5580000,0x00000000d5580000,0x00000000d5880000)
  from space 2048K, 78% used [0x00000000d5880000,0x00000000d5a14000,0x00000000d5a80000)
  to   space 2048K, 0% used [0x00000000d5a80000,0x00000000d5a80000,0x00000000d5c80000)
 ParOldGen       total 186880K, used 186677K [0x0000000080000000, 0x000000008b680000, 0x00000000d5580000)
  object space 186880K, 99% used [0x0000000080000000,0x000000008b64d6a0,0x000000008b680000)
 Metaspace       used 74865K, committed 76480K, reserved 1179648K
  class space    used 7616K, committed 8320K, reserved 1048576K
}
Event: 2003.320 GC heap before
{Heap before GC invocations=312 (full 4):
 PSYoungGen      total 5120K, used 4688K [0x00000000d5580000, 0x00000000d5c80000, 0x0000000100000000)
  eden space 3072K, 100% used [0x00000000d5580000,0x00000000d5880000,0x00000000d5880000)
  from space 2048K, 78% used [0x00000000d5880000,0x00000000d5a14000,0x00000000d5a80000)
  to   space 2048K, 0% used [0x00000000d5a80000,0x00000000d5a80000,0x00000000d5c80000)
 ParOldGen       total 186880K, used 186677K [0x0000000080000000, 0x000000008b680000, 0x00000000d5580000)
  object space 186880K, 99% used [0x0000000080000000,0x000000008b64d6a0,0x000000008b680000)
 Metaspace       used 74876K, committed 76480K, reserved 1179648K
  class space    used 7616K, committed 8320K, reserved 1048576K
}
Event: 2003.325 GC heap after
{Heap after GC invocations=312 (full 4):
 PSYoungGen      total 5120K, used 272K [0x00000000d5580000, 0x00000000d5b80000, 0x0000000100000000)
  eden space 4096K, 0% used [0x00000000d5580000,0x00000000d5580000,0x00000000d5980000)
  from space 1024K, 26% used [0x00000000d5a80000,0x00000000d5ac4010,0x00000000d5b80000)
  to   space 1024K, 0% used [0x00000000d5980000,0x00000000d5980000,0x00000000d5a80000)
 ParOldGen       total 187904K, used 187893K [0x0000000080000000, 0x000000008b780000, 0x00000000d5580000)
  object space 187904K, 99% used [0x0000000080000000,0x000000008b77d6a0,0x000000008b780000)
 Metaspace       used 74876K, committed 76480K, reserved 1179648K
  class space    used 7616K, committed 8320K, reserved 1048576K
}
Event: 2003.949 GC heap before
{Heap before GC invocations=313 (full 4):
 PSYoungGen      total 5120K, used 4368K [0x00000000d5580000, 0x00000000d5b80000, 0x0000000100000000)
  eden space 4096K, 100% used [0x00000000d5580000,0x00000000d5980000,0x00000000d5980000)
  from space 1024K, 26% used [0x00000000d5a80000,0x00000000d5ac4010,0x00000000d5b80000)
  to   space 1024K, 0% used [0x00000000d5980000,0x00000000d5980000,0x00000000d5a80000)
 ParOldGen       total 187904K, used 187893K [0x0000000080000000, 0x000000008b780000, 0x00000000d5580000)
  object space 187904K, 99% used [0x0000000080000000,0x000000008b77d6a0,0x000000008b780000)
 Metaspace       used 74879K, committed 76480K, reserved 1179648K
  class space    used 7616K, committed 8320K, reserved 1048576K
}
Event: 2003.950 GC heap after
{Heap after GC invocations=313 (full 4):
 PSYoungGen      total 5120K, used 224K [0x00000000d5580000, 0x00000000d5b00000, 0x0000000100000000)
  eden space 4096K, 0% used [0x00000000d5580000,0x00000000d5580000,0x00000000d5980000)
  from space 1024K, 21% used [0x00000000d5980000,0x00000000d59b8000,0x00000000d5a80000)
  to   space 512K, 0% used [0x00000000d5a80000,0x00000000d5a80000,0x00000000d5b00000)
 ParOldGen       total 188416K, used 187949K [0x0000000080000000, 0x000000008b800000, 0x00000000d5580000)
  object space 188416K, 99% used [0x0000000080000000,0x000000008b78b6a0,0x000000008b800000)
 Metaspace       used 74879K, committed 76480K, reserved 1179648K
  class space    used 7616K, committed 8320K, reserved 1048576K
}
Event: 2464.930 GC heap before
{Heap before GC invocations=314 (full 4):
 PSYoungGen      total 5120K, used 4288K [0x00000000d5580000, 0x00000000d5b00000, 0x0000000100000000)
  eden space 4096K, 99% used [0x00000000d5580000,0x00000000d5978210,0x00000000d5980000)
  from space 1024K, 21% used [0x00000000d5980000,0x00000000d59b8000,0x00000000d5a80000)
  to   space 512K, 0% used [0x00000000d5a80000,0x00000000d5a80000,0x00000000d5b00000)
 ParOldGen       total 188416K, used 187949K [0x0000000080000000, 0x000000008b800000, 0x00000000d5580000)
  object space 188416K, 99% used [0x0000000080000000,0x000000008b78b6a0,0x000000008b800000)
 Metaspace       used 74904K, committed 76544K, reserved 1179648K
  class space    used 7618K, committed 8320K, reserved 1048576K
}
Event: 2464.933 GC heap after
{Heap after GC invocations=314 (full 4):
 PSYoungGen      total 4608K, used 480K [0x00000000d5580000, 0x00000000d5b80000, 0x0000000100000000)
  eden space 4096K, 0% used [0x00000000d5580000,0x00000000d5580000,0x00000000d5980000)
  from space 512K, 93% used [0x00000000d5a80000,0x00000000d5af8020,0x00000000d5b00000)
  to   space 1024K, 0% used [0x00000000d5980000,0x00000000d5980000,0x00000000d5a80000)
 ParOldGen       total 188416K, used 188093K [0x0000000080000000, 0x000000008b800000, 0x00000000d5580000)
  object space 188416K, 99% used [0x0000000080000000,0x000000008b7af6b0,0x000000008b800000)
 Metaspace       used 74904K, committed 76544K, reserved 1179648K
  class space    used 7618K, committed 8320K, reserved 1048576K
}
Event: 2464.963 GC heap before
{Heap before GC invocations=315 (full 4):
 PSYoungGen      total 4608K, used 4576K [0x00000000d5580000, 0x00000000d5b80000, 0x0000000100000000)
  eden space 4096K, 100% used [0x00000000d5580000,0x00000000d5980000,0x00000000d5980000)
  from space 512K, 93% used [0x00000000d5a80000,0x00000000d5af8020,0x00000000d5b00000)
  to   space 1024K, 0% used [0x00000000d5980000,0x00000000d5980000,0x00000000d5a80000)
 ParOldGen       total 188416K, used 188093K [0x0000000080000000, 0x000000008b800000, 0x00000000d5580000)
  object space 188416K, 99% used [0x0000000080000000,0x000000008b7af6b0,0x000000008b800000)
 Metaspace       used 74906K, committed 76544K, reserved 1179648K
  class space    used 7618K, committed 8320K, reserved 1048576K
}
Event: 2464.970 GC heap after
{Heap after GC invocations=315 (full 4):
 PSYoungGen      total 5120K, used 1022K [0x00000000d5580000, 0x00000000d6380000, 0x0000000100000000)
  eden space 4096K, 0% used [0x00000000d5580000,0x00000000d5580000,0x00000000d5980000)
  from space 1024K, 99% used [0x00000000d5980000,0x00000000d5a7f900,0x00000000d5a80000)
  to   space 5120K, 0% used [0x00000000d5e80000,0x00000000d5e80000,0x00000000d6380000)
 ParOldGen       total 191488K, used 191162K [0x0000000080000000, 0x000000008bb00000, 0x00000000d5580000)
  object space 191488K, 99% used [0x0000000080000000,0x000000008baaeb60,0x000000008bb00000)
 Metaspace       used 74906K, committed 76544K, reserved 1179648K
  class space    used 7618K, committed 8320K, reserved 1048576K
}
Event: 2465.010 GC heap before
{Heap before GC invocations=316 (full 4):
 PSYoungGen      total 5120K, used 5051K [0x00000000d5580000, 0x00000000d6380000, 0x0000000100000000)
  eden space 4096K, 98% used [0x00000000d5580000,0x00000000d596f490,0x00000000d5980000)
  from space 1024K, 99% used [0x00000000d5980000,0x00000000d5a7f900,0x00000000d5a80000)
  to   space 5120K, 0% used [0x00000000d5e80000,0x00000000d5e80000,0x00000000d6380000)
 ParOldGen       total 191488K, used 191162K [0x0000000080000000, 0x000000008bb00000, 0x00000000d5580000)
  object space 191488K, 99% used [0x0000000080000000,0x000000008baaeb60,0x000000008bb00000)
 Metaspace       used 74907K, committed 76544K, reserved 1179648K
  class space    used 7618K, committed 8320K, reserved 1048576K
}
Event: 2465.017 GC heap after
{Heap after GC invocations=316 (full 4):
 PSYoungGen      total 7168K, used 2960K [0x00000000d5580000, 0x00000000d6180000, 0x0000000100000000)
  eden space 4096K, 0% used [0x00000000d5580000,0x00000000d5580000,0x00000000d5980000)
  from space 3072K, 96% used [0x00000000d5e80000,0x00000000d6164000,0x00000000d6180000)
  to   space 3584K, 0% used [0x00000000d5a80000,0x00000000d5a80000,0x00000000d5e00000)
 ParOldGen       total 192512K, used 192201K [0x0000000080000000, 0x000000008bc00000, 0x00000000d5580000)
  object space 192512K, 99% used [0x0000000080000000,0x000000008bbb2460,0x000000008bc00000)
 Metaspace       used 74907K, committed 76544K, reserved 1179648K
  class space    used 7618K, committed 8320K, reserved 1048576K
}
Event: 2465.077 GC heap before
{Heap before GC invocations=317 (full 4):
 PSYoungGen      total 7168K, used 7032K [0x00000000d5580000, 0x00000000d6180000, 0x0000000100000000)
  eden space 4096K, 99% used [0x00000000d5580000,0x00000000d597a2c8,0x00000000d5980000)
  from space 3072K, 96% used [0x00000000d5e80000,0x00000000d6164000,0x00000000d6180000)
  to   space 3584K, 0% used [0x00000000d5a80000,0x00000000d5a80000,0x00000000d5e00000)
 ParOldGen       total 192512K, used 192201K [0x0000000080000000, 0x000000008bc00000, 0x00000000d5580000)
  object space 192512K, 99% used [0x0000000080000000,0x000000008bbb2460,0x000000008bc00000)
 Metaspace       used 74907K, committed 76544K, reserved 1179648K
  class space    used 7618K, committed 8320K, reserved 1048576K
}
Event: 2465.086 GC heap after
{Heap after GC invocations=317 (full 4):
 PSYoungGen      total 7680K, used 3566K [0x00000000d5580000, 0x00000000d6780000, 0x0000000100000000)
  eden space 4096K, 0% used [0x00000000d5580000,0x00000000d5580000,0x00000000d5980000)
  from space 3584K, 99% used [0x00000000d5a80000,0x00000000d5dfb980,0x00000000d5e00000)
  to   space 7168K, 0% used [0x00000000d6080000,0x00000000d6080000,0x00000000d6780000)
 ParOldGen       total 195584K, used 195081K [0x0000000080000000, 0x000000008bf00000, 0x00000000d5580000)
  object space 195584K, 99% used [0x0000000080000000,0x000000008be82470,0x000000008bf00000)
 Metaspace       used 74907K, committed 76544K, reserved 1179648K
  class space    used 7618K, committed 8320K, reserved 1048576K
}
Event: 2465.176 GC heap before
{Heap before GC invocations=318 (full 4):
 PSYoungGen      total 7680K, used 7662K [0x00000000d5580000, 0x00000000d6780000, 0x0000000100000000)
  eden space 4096K, 100% used [0x00000000d5580000,0x00000000d5980000,0x00000000d5980000)
  from space 3584K, 99% used [0x00000000d5a80000,0x00000000d5dfb980,0x00000000d5e00000)
  to   space 7168K, 0% used [0x00000000d6080000,0x00000000d6080000,0x00000000d6780000)
 ParOldGen       total 195584K, used 195081K [0x0000000080000000, 0x000000008bf00000, 0x00000000d5580000)
  object space 195584K, 99% used [0x0000000080000000,0x000000008be82470,0x000000008bf00000)
 Metaspace       used 74914K, committed 76544K, reserved 1179648K
  class space    used 7618K, committed 8320K, reserved 1048576K
}
Event: 2465.183 GC heap after
{Heap after GC invocations=318 (full 4):
 PSYoungGen      total 5632K, used 1328K [0x00000000d5580000, 0x00000000d6200000, 0x0000000100000000)
  eden space 4096K, 0% used [0x00000000d5580000,0x00000000d5580000,0x00000000d5980000)
  from space 1536K, 86% used [0x00000000d6080000,0x00000000d61cc000,0x00000000d6200000)
  to   space 3584K, 0% used [0x00000000d5b00000,0x00000000d5b00000,0x00000000d5e80000)
 ParOldGen       total 198656K, used 198650K [0x0000000080000000, 0x000000008c200000, 0x00000000d5580000)
  object space 198656K, 99% used [0x0000000080000000,0x000000008c1fe9f0,0x000000008c200000)
 Metaspace       used 74914K, committed 76544K, reserved 1179648K
  class space    used 7618K, committed 8320K, reserved 1048576K
}
Event: 2465.770 GC heap before
{Heap before GC invocations=319 (full 4):
 PSYoungGen      total 5632K, used 5424K [0x00000000d5580000, 0x00000000d6200000, 0x0000000100000000)
  eden space 4096K, 100% used [0x00000000d5580000,0x00000000d5980000,0x00000000d5980000)
  from space 1536K, 86% used [0x00000000d6080000,0x00000000d61cc000,0x00000000d6200000)
  to   space 3584K, 0% used [0x00000000d5b00000,0x00000000d5b00000,0x00000000d5e80000)
 ParOldGen       total 198656K, used 198650K [0x0000000080000000, 0x000000008c200000, 0x00000000d5580000)
  object space 198656K, 99% used [0x0000000080000000,0x000000008c1fe9f0,0x000000008c200000)
 Metaspace       used 74926K, committed 76608K, reserved 1179648K
  class space    used 7618K, committed 8320K, reserved 1048576K
}
Event: 2465.774 GC heap after
{Heap after GC invocations=319 (full 4):
 PSYoungGen      total 7680K, used 320K [0x00000000d5580000, 0x00000000d6100000, 0x0000000100000000)
  eden space 4096K, 0% used [0x00000000d5580000,0x00000000d5580000,0x00000000d5980000)
  from space 3584K, 8% used [0x00000000d5b00000,0x00000000d5b50040,0x00000000d5e80000)
  to   space 1024K, 0% used [0x00000000d6000000,0x00000000d6000000,0x00000000d6100000)
 ParOldGen       total 199680K, used 199466K [0x0000000080000000, 0x000000008c300000, 0x00000000d5580000)
  object space 199680K, 99% used [0x0000000080000000,0x000000008c2ca9f0,0x000000008c300000)
 Metaspace       used 74926K, committed 76608K, reserved 1179648K
  class space    used 7618K, committed 8320K, reserved 1048576K
}

