# JRE version: OpenJDK Runtime Environment Temurin-21.0.10+7 (21.0.10+7) (build 21.0.10+7-LTS)
# Java VM: OpenJDK 64-Bit Server VM Temurin-21.0.10+7 (21.0.10+7-LTS, mixed mode, sharing, tiered, compressed oops, compressed class ptrs, parallel gc, windows-amd64)
GC Precious Log:
 CardTable entry size: 512
 CPUs: 8 total, 8 available
 Memory: 16057M
 Large Page Support: Disabled
 NUMA Support: Disabled
 Compressed Oops: Enabled (32-bit)
 Alignments: Space 512K, Generation 512K, Heap 2M
 Heap Min Capacity: 100M
 Heap Initial Capacity: 100M
 Heap Max Capacity: 2G
 Pre-touch: Disabled
 Parallel Workers: 8
Heap:
 PSYoungGen      total 23040K, used 9831K [0x00000000d5580000, 0x00000000d7400000, 0x0000000100000000)
  eden space 22016K, 40% used [0x00000000d5580000,0x00000000d5e21dc8,0x00000000d6b00000)
  from space 1024K, 96% used [0x00000000d6f80000,0x00000000d7078010,0x00000000d7080000)
  to   space 4608K, 0% used [0x00000000d6b00000,0x00000000d6b00000,0x00000000d6f80000)
 ParOldGen       total 68608K, used 21984K [0x0000000080000000, 0x0000000084300000, 0x00000000d5580000)
  object space 68608K, 32% used [0x0000000080000000,0x0000000081578148,0x0000000084300000)
 Metaspace       used 38198K, committed 39360K, reserved 1114112K
  class space    used 4015K, committed 4480K, reserved 1048576K
GC Heap History (20 events):
Event: 6.823 GC heap before
{Heap before GC invocations=9 (full 1):
 PSYoungGen      total 29184K, used 24576K [0x00000000d5580000, 0x00000000d7680000, 0x0000000100000000)
  eden space 24576K, 100% used [0x00000000d5580000,0x00000000d6d80000,0x00000000d6d80000)
  from space 4608K, 0% used [0x00000000d6e00000,0x00000000d6e00000,0x00000000d7280000)
  to   space 4096K, 0% used [0x00000000d7280000,0x00000000d7280000,0x00000000d7680000)
 ParOldGen       total 68608K, used 13196K [0x0000000080000000, 0x0000000084300000, 0x00000000d5580000)
  object space 68608K, 19% used [0x0000000080000000,0x0000000080ce33b8,0x0000000084300000)
 Metaspace       used 23031K, committed 23872K, reserved 1114112K
  class space    used 2358K, committed 2688K, reserved 1048576K
}
Event: 6.825 GC heap after
{Heap after GC invocations=9 (full 1):
 PSYoungGen      total 25088K, used 701K [0x00000000d5580000, 0x00000000d7380000, 0x0000000100000000)
  eden space 24064K, 0% used [0x00000000d5580000,0x00000000d5580000,0x00000000d6d00000)
  from space 1024K, 68% used [0x00000000d7280000,0x00000000d732f4e0,0x00000000d7380000)
  to   space 2048K, 0% used [0x00000000d6f80000,0x00000000d6f80000,0x00000000d7180000)
 ParOldGen       total 68608K, used 13204K [0x0000000080000000, 0x0000000084300000, 0x00000000d5580000)
  object space 68608K, 19% used [0x0000000080000000,0x0000000080ce53b8,0x0000000084300000)
 Metaspace       used 23031K, committed 23872K, reserved 1114112K
  class space    used 2358K, committed 2688K, reserved 1048576K
}
Event: 7.250 GC heap before
{Heap before GC invocations=10 (full 1):
 PSYoungGen      total 25088K, used 24069K [0x00000000d5580000, 0x00000000d7380000, 0x0000000100000000)
  eden space 24064K, 97% used [0x00000000d5580000,0x00000000d6c52050,0x00000000d6d00000)
  from space 1024K, 68% used [0x00000000d7280000,0x00000000d732f4e0,0x00000000d7380000)
  to   space 2048K, 0% used [0x00000000d6f80000,0x00000000d6f80000,0x00000000d7180000)
 ParOldGen       total 68608K, used 13204K [0x0000000080000000, 0x0000000084300000, 0x00000000d5580000)
  object space 68608K, 19% used [0x0000000080000000,0x0000000080ce53b8,0x0000000084300000)
 Metaspace       used 26450K, committed 27328K, reserved 1114112K
  class space    used 2628K, committed 3008K, reserved 1048576K
}
Event: 7.252 GC heap after
{Heap after GC invocations=10 (full 1):
 PSYoungGen      total 25600K, used 1710K [0x00000000d5580000, 0x00000000d7300000, 0x0000000100000000)
  eden space 23552K, 0% used [0x00000000d5580000,0x00000000d5580000,0x00000000d6c80000)
  from space 2048K, 83% used [0x00000000d6f80000,0x00000000d712bb38,0x00000000d7180000)
  to   space 1536K, 0% used [0x00000000d7180000,0x00000000d7180000,0x00000000d7300000)
 ParOldGen       total 68608K, used 13204K [0x0000000080000000, 0x0000000084300000, 0x00000000d5580000)
  object space 68608K, 19% used [0x0000000080000000,0x0000000080ce53b8,0x0000000084300000)
 Metaspace       used 26450K, committed 27328K, reserved 1114112K
  class space    used 2628K, committed 3008K, reserved 1048576K
}
Event: 8.892 GC heap before
{Heap before GC invocations=11 (full 1):
 PSYoungGen      total 25600K, used 25262K [0x00000000d5580000, 0x00000000d7300000, 0x0000000100000000)
  eden space 23552K, 100% used [0x00000000d5580000,0x00000000d6c80000,0x00000000d6c80000)
  from space 2048K, 83% used [0x00000000d6f80000,0x00000000d712bb38,0x00000000d7180000)
  to   space 1536K, 0% used [0x00000000d7180000,0x00000000d7180000,0x00000000d7300000)
 ParOldGen       total 68608K, used 13204K [0x0000000080000000, 0x0000000084300000, 0x00000000d5580000)
  object space 68608K, 19% used [0x0000000080000000,0x0000000080ce53b8,0x0000000084300000)
 Metaspace       used 27941K, committed 28864K, reserved 1114112K
  class space    used 2763K, committed 3136K, reserved 1048576K
}
Event: 8.896 GC heap after
{Heap after GC invocations=11 (full 1):
 PSYoungGen      total 24576K, used 1510K [0x00000000d5580000, 0x00000000d7300000, 0x0000000100000000)
  eden space 23040K, 0% used [0x00000000d5580000,0x00000000d5580000,0x00000000d6c00000)
  from space 1536K, 98% used [0x00000000d7180000,0x00000000d72f9b00,0x00000000d7300000)
  to   space 3584K, 0% used [0x00000000d6c00000,0x00000000d6c00000,0x00000000d6f80000)
 ParOldGen       total 68608K, used 14670K [0x0000000080000000, 0x0000000084300000, 0x00000000d5580000)
  object space 68608K, 21% used [0x0000000080000000,0x0000000080e538b0,0x0000000084300000)
 Metaspace       used 27941K, committed 28864K, reserved 1114112K
  class space    used 2763K, committed 3136K, reserved 1048576K
}
Event: 9.382 GC heap before
{Heap before GC invocations=12 (full 1):
 PSYoungGen      total 24576K, used 24550K [0x00000000d5580000, 0x00000000d7300000, 0x0000000100000000)
  eden space 23040K, 100% used [0x00000000d5580000,0x00000000d6c00000,0x00000000d6c00000)
  from space 1536K, 98% used [0x00000000d7180000,0x00000000d72f9b00,0x00000000d7300000)
  to   space 3584K, 0% used [0x00000000d6c00000,0x00000000d6c00000,0x00000000d6f80000)
 ParOldGen       total 68608K, used 14670K [0x0000000080000000, 0x0000000084300000, 0x00000000d5580000)
  object space 68608K, 21% used [0x0000000080000000,0x0000000080e538b0,0x0000000084300000)
 Metaspace       used 31386K, committed 32448K, reserved 1114112K
  class space    used 3169K, committed 3648K, reserved 1048576K
}
Event: 9.386 GC heap after
{Heap after GC invocations=12 (full 1):
 PSYoungGen      total 26112K, used 1453K [0x00000000d5580000, 0x00000000d7200000, 0x0000000100000000)
  eden space 22528K, 0% used [0x00000000d5580000,0x00000000d5580000,0x00000000d6b80000)
  from space 3584K, 40% used [0x00000000d6c00000,0x00000000d6d6b670,0x00000000d6f80000)
  to   space 2048K, 0% used [0x00000000d7000000,0x00000000d7000000,0x00000000d7200000)
 ParOldGen       total 68608K, used 16032K [0x0000000080000000, 0x0000000084300000, 0x00000000d5580000)
  object space 68608K, 23% used [0x0000000080000000,0x0000000080fa8288,0x0000000084300000)
 Metaspace       used 31386K, committed 32448K, reserved 1114112K
  class space    used 3169K, committed 3648K, reserved 1048576K
}
Event: 9.700 GC heap before
{Heap before GC invocations=13 (full 1):
 PSYoungGen      total 26112K, used 23981K [0x00000000d5580000, 0x00000000d7200000, 0x0000000100000000)
  eden space 22528K, 100% used [0x00000000d5580000,0x00000000d6b80000,0x00000000d6b80000)
  from space 3584K, 40% used [0x00000000d6c00000,0x00000000d6d6b670,0x00000000d6f80000)
  to   space 2048K, 0% used [0x00000000d7000000,0x00000000d7000000,0x00000000d7200000)
 ParOldGen       total 68608K, used 16032K [0x0000000080000000, 0x0000000084300000, 0x00000000d5580000)
  object space 68608K, 23% used [0x0000000080000000,0x0000000080fa8288,0x0000000084300000)
 Metaspace       used 34011K, committed 35072K, reserved 1114112K
  class space    used 3509K, committed 3968K, reserved 1048576K
}
Event: 9.704 GC heap after
{Heap after GC invocations=13 (full 1):
 PSYoungGen      total 23552K, used 1190K [0x00000000d5580000, 0x00000000d7180000, 0x0000000100000000)
  eden space 22016K, 0% used [0x00000000d5580000,0x00000000d5580000,0x00000000d6b00000)
  from space 1536K, 77% used [0x00000000d7000000,0x00000000d7129a80,0x00000000d7180000)
  to   space 1536K, 0% used [0x00000000d6e80000,0x00000000d6e80000,0x00000000d7000000)
 ParOldGen       total 68608K, used 17276K [0x0000000080000000, 0x0000000084300000, 0x00000000d5580000)
  object space 68608K, 25% used [0x0000000080000000,0x00000000810df050,0x0000000084300000)
 Metaspace       used 34011K, committed 35072K, reserved 1114112K
  class space    used 3509K, committed 3968K, reserved 1048576K
}
Event: 9.852 GC heap before
{Heap before GC invocations=14 (full 1):
 PSYoungGen      total 23552K, used 14151K [0x00000000d5580000, 0x00000000d7180000, 0x0000000100000000)
  eden space 22016K, 58% used [0x00000000d5580000,0x00000000d6228398,0x00000000d6b00000)
  from space 1536K, 77% used [0x00000000d7000000,0x00000000d7129a80,0x00000000d7180000)
  to   space 1536K, 0% used [0x00000000d6e80000,0x00000000d6e80000,0x00000000d7000000)
 ParOldGen       total 68608K, used 17276K [0x0000000080000000, 0x0000000084300000, 0x00000000d5580000)
  object space 68608K, 25% used [0x0000000080000000,0x00000000810df050,0x0000000084300000)
 Metaspace       used 34792K, committed 35904K, reserved 1114112K
  class space    used 3608K, committed 4096K, reserved 1048576K
}
Event: 9.855 GC heap after
{Heap after GC invocations=14 (full 1):
 PSYoungGen      total 23552K, used 1261K [0x00000000d5580000, 0x00000000d7080000, 0x0000000100000000)
  eden space 22016K, 0% used [0x00000000d5580000,0x00000000d5580000,0x00000000d6b00000)
  from space 1536K, 82% used [0x00000000d6e80000,0x00000000d6fbb6d0,0x00000000d7000000)
  to   space 512K, 0% used [0x00000000d7000000,0x00000000d7000000,0x00000000d7080000)
 ParOldGen       total 68608K, used 18190K [0x0000000080000000, 0x0000000084300000, 0x00000000d5580000)
  object space 68608K, 26% used [0x0000000080000000,0x00000000811c39b0,0x0000000084300000)
 Metaspace       used 34792K, committed 35904K, reserved 1114112K
  class space    used 3608K, committed 4096K, reserved 1048576K
}
Event: 9.885 GC heap before
{Heap before GC invocations=15 (full 1):
 PSYoungGen      total 23552K, used 4957K [0x00000000d5580000, 0x00000000d7080000, 0x0000000100000000)
  eden space 22016K, 16% used [0x00000000d5580000,0x00000000d591c0e0,0x00000000d6b00000)
  from space 1536K, 82% used [0x00000000d6e80000,0x00000000d6fbb6d0,0x00000000d7000000)
  to   space 512K, 0% used [0x00000000d7000000,0x00000000d7000000,0x00000000d7080000)
 ParOldGen       total 68608K, used 18190K [0x0000000080000000, 0x0000000084300000, 0x00000000d5580000)
  object space 68608K, 26% used [0x0000000080000000,0x00000000811c39b0,0x0000000084300000)
 Metaspace       used 35098K, committed 36160K, reserved 1114112K
  class space    used 3633K, committed 4096K, reserved 1048576K
}
Event: 9.888 GC heap after
{Heap after GC invocations=15 (full 1):
 PSYoungGen      total 22528K, used 256K [0x00000000d5580000, 0x00000000d7080000, 0x0000000100000000)
  eden space 22016K, 0% used [0x00000000d5580000,0x00000000d5580000,0x00000000d6b00000)
  from space 512K, 50% used [0x00000000d7000000,0x00000000d7040000,0x00000000d7080000)
  to   space 1024K, 0% used [0x00000000d6e80000,0x00000000d6e80000,0x00000000d6f80000)
 ParOldGen       total 68608K, used 19642K [0x0000000080000000, 0x0000000084300000, 0x00000000d5580000)
  object space 68608K, 28% used [0x0000000080000000,0x000000008132ea88,0x0000000084300000)
 Metaspace       used 35098K, committed 36160K, reserved 1114112K
  class space    used 3633K, committed 4096K, reserved 1048576K
}
Event: 9.888 GC heap before
{Heap before GC invocations=16 (full 2):
 PSYoungGen      total 22528K, used 256K [0x00000000d5580000, 0x00000000d7080000, 0x0000000100000000)
  eden space 22016K, 0% used [0x00000000d5580000,0x00000000d5580000,0x00000000d6b00000)
  from space 512K, 50% used [0x00000000d7000000,0x00000000d7040000,0x00000000d7080000)
  to   space 1024K, 0% used [0x00000000d6e80000,0x00000000d6e80000,0x00000000d6f80000)
 ParOldGen       total 68608K, used 19642K [0x0000000080000000, 0x0000000084300000, 0x00000000d5580000)
  object space 68608K, 28% used [0x0000000080000000,0x000000008132ea88,0x0000000084300000)
 Metaspace       used 35098K, committed 36160K, reserved 1114112K
  class space    used 3633K, committed 4096K, reserved 1048576K
}
Event: 9.941 GC heap after
{Heap after GC invocations=16 (full 2):
 PSYoungGen      total 22528K, used 0K [0x00000000d5580000, 0x00000000d7080000, 0x0000000100000000)
  eden space 22016K, 0% used [0x00000000d5580000,0x00000000d5580000,0x00000000d6b00000)
  from space 512K, 0% used [0x00000000d7000000,0x00000000d7000000,0x00000000d7080000)
  to   space 1024K, 0% used [0x00000000d6e80000,0x00000000d6e80000,0x00000000d6f80000)
 ParOldGen       total 68608K, used 18848K [0x0000000080000000, 0x0000000084300000, 0x00000000d5580000)
  object space 68608K, 27% used [0x0000000080000000,0x0000000081268118,0x0000000084300000)
 Metaspace       used 35088K, committed 36160K, reserved 1114112K
  class space    used 3630K, committed 4096K, reserved 1048576K
}
Event: 10.125 GC heap before
{Heap before GC invocations=17 (full 2):
 PSYoungGen      total 22528K, used 22016K [0x00000000d5580000, 0x00000000d7080000, 0x0000000100000000)
  eden space 22016K, 100% used [0x00000000d5580000,0x00000000d6b00000,0x00000000d6b00000)
  from space 512K, 0% used [0x00000000d7000000,0x00000000d7000000,0x00000000d7080000)
  to   space 1024K, 0% used [0x00000000d6e80000,0x00000000d6e80000,0x00000000d6f80000)
 ParOldGen       total 68608K, used 18848K [0x0000000080000000, 0x0000000084300000, 0x00000000d5580000)
  object space 68608K, 27% used [0x0000000080000000,0x0000000081268118,0x0000000084300000)
 Metaspace       used 36719K, committed 37824K, reserved 1114112K
  class space    used 3820K, committed 4288K, reserved 1048576K
}
Event: 10.127 GC heap after
{Heap after GC invocations=17 (full 2):
 PSYoungGen      total 23040K, used 992K [0x00000000d5580000, 0x00000000d7080000, 0x0000000100000000)
  eden space 22016K, 0% used [0x00000000d5580000,0x00000000d5580000,0x00000000d6b00000)
  from space 1024K, 96% used [0x00000000d6e80000,0x00000000d6f78030,0x00000000d6f80000)
  to   space 1024K, 0% used [0x00000000d6f80000,0x00000000d6f80000,0x00000000d7080000)
 ParOldGen       total 68608K, used 19208K [0x0000000080000000, 0x0000000084300000, 0x00000000d5580000)
  object space 68608K, 27% used [0x0000000080000000,0x00000000812c2118,0x0000000084300000)
 Metaspace       used 36719K, committed 37824K, reserved 1114112K
  class space    used 3820K, committed 4288K, reserved 1048576K
}
Event: 10.225 GC heap before
{Heap before GC invocations=18 (full 2):
 PSYoungGen      total 23040K, used 23006K [0x00000000d5580000, 0x00000000d7080000, 0x0000000100000000)
  eden space 22016K, 99% used [0x00000000d5580000,0x00000000d6aff910,0x00000000d6b00000)
  from space 1024K, 96% used [0x00000000d6e80000,0x00000000d6f78030,0x00000000d6f80000)
  to   space 1024K, 0% used [0x00000000d6f80000,0x00000000d6f80000,0x00000000d7080000)
 ParOldGen       total 68608K, used 19208K [0x0000000080000000, 0x0000000084300000, 0x00000000d5580000)
  object space 68608K, 27% used [0x0000000080000000,0x00000000812c2118,0x0000000084300000)
 Metaspace       used 37417K, committed 38592K, reserved 1114112K
  class space    used 3909K, committed 4416K, reserved 1048576K
}
Event: 10.231 GC heap after
{Heap after GC invocations=18 (full 2):
 PSYoungGen      total 23040K, used 992K [0x00000000d5580000, 0x00000000d7400000, 0x0000000100000000)
  eden space 22016K, 0% used [0x00000000d5580000,0x00000000d5580000,0x00000000d6b00000)
  from space 1024K, 96% used [0x00000000d6f80000,0x00000000d7078010,0x00000000d7080000)
  to   space 4608K, 0% used [0x00000000d6b00000,0x00000000d6b00000,0x00000000d6f80000)
 ParOldGen       total 68608K, used 21984K [0x0000000080000000, 0x0000000084300000, 0x00000000d5580000)
  object space 68608K, 32% used [0x0000000080000000,0x0000000081578148,0x0000000084300000)
 Metaspace       used 37417K, committed 38592K, reserved 1114112K
  class space    used 3909K, committed 4416K, reserved 1048576K
}

