# JRE version: OpenJDK Runtime Environment Temurin-21.0.10+7 (21.0.10+7) (build 21.0.10+7-LTS)
# Java VM: OpenJDK 64-Bit Server VM Temurin-21.0.10+7 (21.0.10+7-LTS, mixed mode, sharing, tiered, compressed oops, compressed class ptrs, parallel gc, windows-amd64)
GC Precious Log:
 CardTable entry size: 512
 CPUs: 8 total, 8 available
 Memory: 16057M
 Large Page Support: Disabled
 NUMA Support: Disabled
 Compressed Oops: Enabled (32-bit)
 Alignments: Space 512K, Generation 512K, Heap 2M
 Heap Min Capacity: 100M
 Heap Initial Capacity: 100M
 Heap Max Capacity: 2G
 Pre-touch: Disabled
 Parallel Workers: 8
Heap:
 PSYoungGen      total 20992K, used 4946K [0x00000000d5580000, 0x00000000d6d00000, 0x0000000100000000)
  eden space 19968K, 19% used [0x00000000d5580000,0x00000000d595c8d0,0x00000000d6900000)
  from space 1024K, 96% used [0x00000000d6980000,0x00000000d6a78040,0x00000000d6a80000)
  to   space 2048K, 0% used [0x00000000d6b00000,0x00000000d6b00000,0x00000000d6d00000)
 ParOldGen       total 68608K, used 41528K [0x0000000080000000, 0x0000000084300000, 0x00000000d5580000)
  object space 68608K, 60% used [0x0000000080000000,0x000000008288e1f8,0x0000000084300000)
 Metaspace       used 55312K, committed 56512K, reserved 1114112K
  class space    used 5948K, committed 6464K, reserved 1048576K
GC Heap History (20 events):
Event: 14.933 GC heap before
{Heap before GC invocations=22 (full 2):
 PSYoungGen      total 24576K, used 24420K [0x00000000d5580000, 0x00000000d7000000, 0x0000000100000000)
  eden space 22016K, 100% used [0x00000000d5580000,0x00000000d6b00000,0x00000000d6b00000)
  from space 2560K, 93% used [0x00000000d6b00000,0x00000000d6d59000,0x00000000d6d80000)
  to   space 2560K, 0% used [0x00000000d6d80000,0x00000000d6d80000,0x00000000d7000000)
 ParOldGen       total 68608K, used 27672K [0x0000000080000000, 0x0000000084300000, 0x00000000d5580000)
  object space 68608K, 40% used [0x0000000080000000,0x0000000081b06098,0x0000000084300000)
 Metaspace       used 41886K, committed 43072K, reserved 1114112K
  class space    used 4464K, committed 4992K, reserved 1048576K
}
Event: 14.941 GC heap after
{Heap after GC invocations=22 (full 2):
 PSYoungGen      total 24576K, used 2160K [0x00000000d5580000, 0x00000000d7000000, 0x0000000100000000)
  eden space 22016K, 0% used [0x00000000d5580000,0x00000000d5580000,0x00000000d6b00000)
  from space 2560K, 84% used [0x00000000d6d80000,0x00000000d6f9c120,0x00000000d7000000)
  to   space 2560K, 0% used [0x00000000d6b00000,0x00000000d6b00000,0x00000000d6d80000)
 ParOldGen       total 68608K, used 29893K [0x0000000080000000, 0x0000000084300000, 0x00000000d5580000)
  object space 68608K, 43% used [0x0000000080000000,0x0000000081d316c0,0x0000000084300000)
 Metaspace       used 41886K, committed 43072K, reserved 1114112K
  class space    used 4464K, committed 4992K, reserved 1048576K
}
Event: 15.347 GC heap before
{Heap before GC invocations=23 (full 2):
 PSYoungGen      total 24576K, used 24176K [0x00000000d5580000, 0x00000000d7000000, 0x0000000100000000)
  eden space 22016K, 100% used [0x00000000d5580000,0x00000000d6b00000,0x00000000d6b00000)
  from space 2560K, 84% used [0x00000000d6d80000,0x00000000d6f9c120,0x00000000d7000000)
  to   space 2560K, 0% used [0x00000000d6b00000,0x00000000d6b00000,0x00000000d6d80000)
 ParOldGen       total 68608K, used 29893K [0x0000000080000000, 0x0000000084300000, 0x00000000d5580000)
  object space 68608K, 43% used [0x0000000080000000,0x0000000081d316c0,0x0000000084300000)
 Metaspace       used 42297K, committed 43456K, reserved 1114112K
  class space    used 4513K, committed 5056K, reserved 1048576K
}
Event: 15.356 GC heap after
{Heap after GC invocations=23 (full 2):
 PSYoungGen      total 24576K, used 2208K [0x00000000d5580000, 0x00000000d7000000, 0x0000000100000000)
  eden space 22016K, 0% used [0x00000000d5580000,0x00000000d5580000,0x00000000d6b00000)
  from space 2560K, 86% used [0x00000000d6b00000,0x00000000d6d28010,0x00000000d6d80000)
  to   space 2560K, 0% used [0x00000000d6d80000,0x00000000d6d80000,0x00000000d7000000)
 ParOldGen       total 68608K, used 31901K [0x0000000080000000, 0x0000000084300000, 0x00000000d5580000)
  object space 68608K, 46% used [0x0000000080000000,0x0000000081f277e0,0x0000000084300000)
 Metaspace       used 42297K, committed 43456K, reserved 1114112K
  class space    used 4513K, committed 5056K, reserved 1048576K
}
Event: 15.784 GC heap before
{Heap before GC invocations=24 (full 2):
 PSYoungGen      total 24576K, used 24224K [0x00000000d5580000, 0x00000000d7000000, 0x0000000100000000)
  eden space 22016K, 100% used [0x00000000d5580000,0x00000000d6b00000,0x00000000d6b00000)
  from space 2560K, 86% used [0x00000000d6b00000,0x00000000d6d28010,0x00000000d6d80000)
  to   space 2560K, 0% used [0x00000000d6d80000,0x00000000d6d80000,0x00000000d7000000)
 ParOldGen       total 68608K, used 31901K [0x0000000080000000, 0x0000000084300000, 0x00000000d5580000)
  object space 68608K, 46% used [0x0000000080000000,0x0000000081f277e0,0x0000000084300000)
 Metaspace       used 42953K, committed 44160K, reserved 1114112K
  class space    used 4592K, committed 5120K, reserved 1048576K
}
Event: 15.792 GC heap after
{Heap after GC invocations=24 (full 2):
 PSYoungGen      total 24064K, used 2556K [0x00000000d5580000, 0x00000000d7100000, 0x0000000100000000)
  eden space 21504K, 0% used [0x00000000d5580000,0x00000000d5580000,0x00000000d6a80000)
  from space 2560K, 99% used [0x00000000d6d80000,0x00000000d6fff288,0x00000000d7000000)
  to   space 3072K, 0% used [0x00000000d6a80000,0x00000000d6a80000,0x00000000d6d80000)
 ParOldGen       total 68608K, used 34013K [0x0000000080000000, 0x0000000084300000, 0x00000000d5580000)
  object space 68608K, 49% used [0x0000000080000000,0x00000000821377f0,0x0000000084300000)
 Metaspace       used 42953K, committed 44160K, reserved 1114112K
  class space    used 4592K, committed 5120K, reserved 1048576K
}
Event: 16.775 GC heap before
{Heap before GC invocations=25 (full 2):
 PSYoungGen      total 24064K, used 24060K [0x00000000d5580000, 0x00000000d7100000, 0x0000000100000000)
  eden space 21504K, 100% used [0x00000000d5580000,0x00000000d6a80000,0x00000000d6a80000)
  from space 2560K, 99% used [0x00000000d6d80000,0x00000000d6fff288,0x00000000d7000000)
  to   space 3072K, 0% used [0x00000000d6a80000,0x00000000d6a80000,0x00000000d6d80000)
 ParOldGen       total 68608K, used 34013K [0x0000000080000000, 0x0000000084300000, 0x00000000d5580000)
  object space 68608K, 49% used [0x0000000080000000,0x00000000821377f0,0x0000000084300000)
 Metaspace       used 45730K, committed 46976K, reserved 1114112K
  class space    used 4891K, committed 5440K, reserved 1048576K
}
Event: 16.782 GC heap after
{Heap after GC invocations=25 (full 2):
 PSYoungGen      total 23040K, used 1352K [0x00000000d5580000, 0x00000000d6e80000, 0x0000000100000000)
  eden space 21504K, 0% used [0x00000000d5580000,0x00000000d5580000,0x00000000d6a80000)
  from space 1536K, 88% used [0x00000000d6a80000,0x00000000d6bd22f8,0x00000000d6c00000)
  to   space 2048K, 0% used [0x00000000d6c80000,0x00000000d6c80000,0x00000000d6e80000)
 ParOldGen       total 68608K, used 35970K [0x0000000080000000, 0x0000000084300000, 0x00000000d5580000)
  object space 68608K, 52% used [0x0000000080000000,0x0000000082320a48,0x0000000084300000)
 Metaspace       used 45730K, committed 46976K, reserved 1114112K
  class space    used 4891K, committed 5440K, reserved 1048576K
}
Event: 17.838 GC heap before
{Heap before GC invocations=26 (full 2):
 PSYoungGen      total 23040K, used 22856K [0x00000000d5580000, 0x00000000d6e80000, 0x0000000100000000)
  eden space 21504K, 100% used [0x00000000d5580000,0x00000000d6a80000,0x00000000d6a80000)
  from space 1536K, 88% used [0x00000000d6a80000,0x00000000d6bd22f8,0x00000000d6c00000)
  to   space 2048K, 0% used [0x00000000d6c80000,0x00000000d6c80000,0x00000000d6e80000)
 ParOldGen       total 68608K, used 35970K [0x0000000080000000, 0x0000000084300000, 0x00000000d5580000)
  object space 68608K, 52% used [0x0000000080000000,0x0000000082320a48,0x0000000084300000)
 Metaspace       used 48552K, committed 49664K, reserved 1114112K
  class space    used 5222K, committed 5696K, reserved 1048576K
}
Event: 17.843 GC heap after
{Heap after GC invocations=26 (full 2):
 PSYoungGen      total 23040K, used 1156K [0x00000000d5580000, 0x00000000d6e00000, 0x0000000100000000)
  eden space 21504K, 0% used [0x00000000d5580000,0x00000000d5580000,0x00000000d6a80000)
  from space 1536K, 75% used [0x00000000d6c80000,0x00000000d6da11f8,0x00000000d6e00000)
  to   space 1536K, 0% used [0x00000000d6a80000,0x00000000d6a80000,0x00000000d6c00000)
 ParOldGen       total 68608K, used 37109K [0x0000000080000000, 0x0000000084300000, 0x00000000d5580000)
  object space 68608K, 54% used [0x0000000080000000,0x000000008243d4e8,0x0000000084300000)
 Metaspace       used 48552K, committed 49664K, reserved 1114112K
  class space    used 5222K, committed 5696K, reserved 1048576K
}
Event: 18.698 GC heap before
{Heap before GC invocations=27 (full 2):
 PSYoungGen      total 23040K, used 22660K [0x00000000d5580000, 0x00000000d6e00000, 0x0000000100000000)
  eden space 21504K, 100% used [0x00000000d5580000,0x00000000d6a80000,0x00000000d6a80000)
  from space 1536K, 75% used [0x00000000d6c80000,0x00000000d6da11f8,0x00000000d6e00000)
  to   space 1536K, 0% used [0x00000000d6a80000,0x00000000d6a80000,0x00000000d6c00000)
 ParOldGen       total 68608K, used 37109K [0x0000000080000000, 0x0000000084300000, 0x00000000d5580000)
  object space 68608K, 54% used [0x0000000080000000,0x000000008243d4e8,0x0000000084300000)
 Metaspace       used 49963K, committed 51072K, reserved 1114112K
  class space    used 5413K, committed 5888K, reserved 1048576K
}
Event: 18.703 GC heap after
{Heap after GC invocations=27 (full 2):
 PSYoungGen      total 23040K, used 896K [0x00000000d5580000, 0x00000000d6d00000, 0x0000000100000000)
  eden space 21504K, 0% used [0x00000000d5580000,0x00000000d5580000,0x00000000d6a80000)
  from space 1536K, 58% used [0x00000000d6a80000,0x00000000d6b60040,0x00000000d6c00000)
  to   space 1024K, 0% used [0x00000000d6c00000,0x00000000d6c00000,0x00000000d6d00000)
 ParOldGen       total 68608K, used 38088K [0x0000000080000000, 0x0000000084300000, 0x00000000d5580000)
  object space 68608K, 55% used [0x0000000080000000,0x0000000082532088,0x0000000084300000)
 Metaspace       used 49963K, committed 51072K, reserved 1114112K
  class space    used 5413K, committed 5888K, reserved 1048576K
}
Event: 19.176 GC heap before
{Heap before GC invocations=28 (full 2):
 PSYoungGen      total 23040K, used 22400K [0x00000000d5580000, 0x00000000d6d00000, 0x0000000100000000)
  eden space 21504K, 100% used [0x00000000d5580000,0x00000000d6a80000,0x00000000d6a80000)
  from space 1536K, 58% used [0x00000000d6a80000,0x00000000d6b60040,0x00000000d6c00000)
  to   space 1024K, 0% used [0x00000000d6c00000,0x00000000d6c00000,0x00000000d6d00000)
 ParOldGen       total 68608K, used 38088K [0x0000000080000000, 0x0000000084300000, 0x00000000d5580000)
  object space 68608K, 55% used [0x0000000080000000,0x0000000082532088,0x0000000084300000)
 Metaspace       used 51231K, committed 52480K, reserved 1114112K
  class space    used 5542K, committed 6080K, reserved 1048576K
}
Event: 19.180 GC heap after
{Heap after GC invocations=28 (full 2):
 PSYoungGen      total 20992K, used 1006K [0x00000000d5580000, 0x00000000d7080000, 0x0000000100000000)
  eden space 19968K, 0% used [0x00000000d5580000,0x00000000d5580000,0x00000000d6900000)
  from space 1024K, 98% used [0x00000000d6c00000,0x00000000d6cfbb18,0x00000000d6d00000)
  to   space 3072K, 0% used [0x00000000d6900000,0x00000000d6900000,0x00000000d6c00000)
 ParOldGen       total 68608K, used 39475K [0x0000000080000000, 0x0000000084300000, 0x00000000d5580000)
  object space 68608K, 57% used [0x0000000080000000,0x000000008268cda0,0x0000000084300000)
 Metaspace       used 51231K, committed 52480K, reserved 1114112K
  class space    used 5542K, committed 6080K, reserved 1048576K
}
Event: 19.340 GC heap before
{Heap before GC invocations=29 (full 2):
 PSYoungGen      total 20992K, used 20974K [0x00000000d5580000, 0x00000000d7080000, 0x0000000100000000)
  eden space 19968K, 100% used [0x00000000d5580000,0x00000000d6900000,0x00000000d6900000)
  from space 1024K, 98% used [0x00000000d6c00000,0x00000000d6cfbb18,0x00000000d6d00000)
  to   space 3072K, 0% used [0x00000000d6900000,0x00000000d6900000,0x00000000d6c00000)
 ParOldGen       total 68608K, used 39475K [0x0000000080000000, 0x0000000084300000, 0x00000000d5580000)
  object space 68608K, 57% used [0x0000000080000000,0x000000008268cda0,0x0000000084300000)
 Metaspace       used 51258K, committed 52480K, reserved 1114112K
  class space    used 5542K, committed 6080K, reserved 1048576K
}
Event: 19.343 GC heap after
{Heap after GC invocations=29 (full 2):
 PSYoungGen      total 21504K, used 1043K [0x00000000d5580000, 0x00000000d6c80000, 0x0000000100000000)
  eden space 19968K, 0% used [0x00000000d5580000,0x00000000d5580000,0x00000000d6900000)
  from space 1536K, 67% used [0x00000000d6900000,0x00000000d6a04cf8,0x00000000d6a80000)
  to   space 1536K, 0% used [0x00000000d6b00000,0x00000000d6b00000,0x00000000d6c80000)
 ParOldGen       total 68608K, used 40506K [0x0000000080000000, 0x0000000084300000, 0x00000000d5580000)
  object space 68608K, 59% used [0x0000000080000000,0x000000008278e8b8,0x0000000084300000)
 Metaspace       used 51258K, committed 52480K, reserved 1114112K
  class space    used 5542K, committed 6080K, reserved 1048576K
}
Event: 19.803 GC heap before
{Heap before GC invocations=30 (full 2):
 PSYoungGen      total 21504K, used 21011K [0x00000000d5580000, 0x00000000d6c80000, 0x0000000100000000)
  eden space 19968K, 100% used [0x00000000d5580000,0x00000000d6900000,0x00000000d6900000)
  from space 1536K, 67% used [0x00000000d6900000,0x00000000d6a04cf8,0x00000000d6a80000)
  to   space 1536K, 0% used [0x00000000d6b00000,0x00000000d6b00000,0x00000000d6c80000)
 ParOldGen       total 68608K, used 40506K [0x0000000080000000, 0x0000000084300000, 0x00000000d5580000)
  object space 68608K, 59% used [0x0000000080000000,0x000000008278e8b8,0x0000000084300000)
 Metaspace       used 52799K, committed 53952K, reserved 1114112K
  class space    used 5662K, committed 6144K, reserved 1048576K
}
Event: 19.805 GC heap after
{Heap after GC invocations=30 (full 2):
 PSYoungGen      total 20480K, used 512K [0x00000000d5580000, 0x00000000d6b80000, 0x0000000100000000)
  eden space 19968K, 0% used [0x00000000d5580000,0x00000000d5580000,0x00000000d6900000)
  from space 512K, 100% used [0x00000000d6b00000,0x00000000d6b80000,0x00000000d6b80000)
  to   space 1024K, 0% used [0x00000000d6980000,0x00000000d6980000,0x00000000d6a80000)
 ParOldGen       total 68608K, used 40707K [0x0000000080000000, 0x0000000084300000, 0x00000000d5580000)
  object space 68608K, 59% used [0x0000000080000000,0x00000000827c0ec8,0x0000000084300000)
 Metaspace       used 52799K, committed 53952K, reserved 1114112K
  class space    used 5662K, committed 6144K, reserved 1048576K
}
Event: 22.621 GC heap before
{Heap before GC invocations=31 (full 2):
 PSYoungGen      total 20480K, used 20480K [0x00000000d5580000, 0x00000000d6b80000, 0x0000000100000000)
  eden space 19968K, 100% used [0x00000000d5580000,0x00000000d6900000,0x00000000d6900000)
  from space 512K, 100% used [0x00000000d6b00000,0x00000000d6b80000,0x00000000d6b80000)
  to   space 1024K, 0% used [0x00000000d6980000,0x00000000d6980000,0x00000000d6a80000)
 ParOldGen       total 68608K, used 40707K [0x0000000080000000, 0x0000000084300000, 0x00000000d5580000)
  object space 68608K, 59% used [0x0000000080000000,0x00000000827c0ec8,0x0000000084300000)
 Metaspace       used 54789K, committed 56000K, reserved 1114112K
  class space    used 5881K, committed 6400K, reserved 1048576K
}
Event: 22.627 GC heap after
{Heap after GC invocations=31 (full 2):
 PSYoungGen      total 20992K, used 992K [0x00000000d5580000, 0x00000000d6d00000, 0x0000000100000000)
  eden space 19968K, 0% used [0x00000000d5580000,0x00000000d5580000,0x00000000d6900000)
  from space 1024K, 96% used [0x00000000d6980000,0x00000000d6a78040,0x00000000d6a80000)
  to   space 2048K, 0% used [0x00000000d6b00000,0x00000000d6b00000,0x00000000d6d00000)
 ParOldGen       total 68608K, used 41528K [0x0000000080000000, 0x0000000084300000, 0x00000000d5580000)
  object space 68608K, 60% used [0x0000000080000000,0x000000008288e1f8,0x0000000084300000)
 Metaspace       used 54789K, committed 56000K, reserved 1114112K
  class space    used 5881K, committed 6400K, reserved 1048576K
}

