# JRE version: OpenJDK Runtime Environment Temurin-21.0.10+7 (21.0.10+7) (build 21.0.10+7-LTS)
# Java VM: OpenJDK 64-Bit Server VM Temurin-21.0.10+7 (21.0.10+7-LTS, mixed mode, sharing, tiered, compressed oops, compressed class ptrs, parallel gc, windows-amd64)
GC Precious Log:
 CardTable entry size: 512
 CPUs: 8 total, 8 available
 Memory: 16057M
 Large Page Support: Disabled
 NUMA Support: Disabled
 Compressed Oops: Enabled (32-bit)
 Alignments: Space 512K, Generation 512K, Heap 2M
 Heap Min Capacity: 100M
 Heap Initial Capacity: 100M
 Heap Max Capacity: 2G
 Pre-touch: Disabled
 Parallel Workers: 8
Heap:
 PSYoungGen      total 20480K, used 16996K [0x00000000d5580000, 0x00000000d6b80000, 0x0000000100000000)
  eden space 18944K, 83% used [0x00000000d5580000,0x00000000d64eb670,0x00000000d6800000)
  from space 1536K, 78% used [0x00000000d6980000,0x00000000d6aadc58,0x00000000d6b00000)
  to   space 512K, 0% used [0x00000000d6b00000,0x00000000d6b00000,0x00000000d6b80000)
 ParOldGen       total 68608K, used 31831K [0x0000000080000000, 0x0000000084300000, 0x00000000d5580000)
  object space 68608K, 46% used [0x0000000080000000,0x0000000081f15d78,0x0000000084300000)
 Metaspace       used 43856K, committed 44992K, reserved 1114112K
  class space    used 4468K, committed 4928K, reserved 1048576K
GC Heap History (20 events):
Event: 7.754 GC heap before
{Heap before GC invocations=16 (full 1):
 PSYoungGen      total 23552K, used 23492K [0x00000000d5580000, 0x00000000d7080000, 0x0000000100000000)
  eden space 20992K, 100% used [0x00000000d5580000,0x00000000d6a00000,0x00000000d6a00000)
  from space 2560K, 97% used [0x00000000d6e00000,0x00000000d7071000,0x00000000d7080000)
  to   space 3072K, 0% used [0x00000000d6a80000,0x00000000d6a80000,0x00000000d6d80000)
 ParOldGen       total 68608K, used 23428K [0x0000000080000000, 0x0000000084300000, 0x00000000d5580000)
  object space 68608K, 34% used [0x0000000080000000,0x00000000816e1070,0x0000000084300000)
 Metaspace       used 34135K, committed 35264K, reserved 1114112K
  class space    used 3536K, committed 4032K, reserved 1048576K
}
Event: 7.762 GC heap after
{Heap after GC invocations=16 (full 1):
 PSYoungGen      total 23552K, used 2528K [0x00000000d5580000, 0x00000000d6f00000, 0x0000000100000000)
  eden space 20992K, 0% used [0x00000000d5580000,0x00000000d5580000,0x00000000d6a00000)
  from space 2560K, 98% used [0x00000000d6a80000,0x00000000d6cf8010,0x00000000d6d00000)
  to   space 2048K, 0% used [0x00000000d6d00000,0x00000000d6d00000,0x00000000d6f00000)
 ParOldGen       total 68608K, used 25764K [0x0000000080000000, 0x0000000084300000, 0x00000000d5580000)
  object space 68608K, 37% used [0x0000000080000000,0x0000000081929170,0x0000000084300000)
 Metaspace       used 34135K, committed 35264K, reserved 1114112K
  class space    used 3536K, committed 4032K, reserved 1048576K
}
Event: 7.854 GC heap before
{Heap before GC invocations=17 (full 1):
 PSYoungGen      total 23552K, used 23520K [0x00000000d5580000, 0x00000000d6f00000, 0x0000000100000000)
  eden space 20992K, 100% used [0x00000000d5580000,0x00000000d6a00000,0x00000000d6a00000)
  from space 2560K, 98% used [0x00000000d6a80000,0x00000000d6cf8010,0x00000000d6d00000)
  to   space 2048K, 0% used [0x00000000d6d00000,0x00000000d6d00000,0x00000000d6f00000)
 ParOldGen       total 68608K, used 25764K [0x0000000080000000, 0x0000000084300000, 0x00000000d5580000)
  object space 68608K, 37% used [0x0000000080000000,0x0000000081929170,0x0000000084300000)
 Metaspace       used 34195K, committed 35328K, reserved 1114112K
  class space    used 3536K, committed 4032K, reserved 1048576K
}
Event: 7.859 GC heap after
{Heap after GC invocations=17 (full 1):
 PSYoungGen      total 20992K, used 2040K [0x00000000d5580000, 0x00000000d7400000, 0x0000000100000000)
  eden space 18944K, 0% used [0x00000000d5580000,0x00000000d5580000,0x00000000d6800000)
  from space 2048K, 99% used [0x00000000d6d00000,0x00000000d6efe200,0x00000000d6f00000)
  to   space 5120K, 0% used [0x00000000d6800000,0x00000000d6800000,0x00000000d6d00000)
 ParOldGen       total 68608K, used 28332K [0x0000000080000000, 0x0000000084300000, 0x00000000d5580000)
  object space 68608K, 41% used [0x0000000080000000,0x0000000081bab180,0x0000000084300000)
 Metaspace       used 34195K, committed 35328K, reserved 1114112K
  class space    used 3536K, committed 4032K, reserved 1048576K
}
Event: 9.069 GC heap before
{Heap before GC invocations=18 (full 1):
 PSYoungGen      total 20992K, used 12719K [0x00000000d5580000, 0x00000000d7400000, 0x0000000100000000)
  eden space 18944K, 56% used [0x00000000d5580000,0x00000000d5fedc68,0x00000000d6800000)
  from space 2048K, 99% used [0x00000000d6d00000,0x00000000d6efe200,0x00000000d6f00000)
  to   space 5120K, 0% used [0x00000000d6800000,0x00000000d6800000,0x00000000d6d00000)
 ParOldGen       total 68608K, used 28332K [0x0000000080000000, 0x0000000084300000, 0x00000000d5580000)
  object space 68608K, 41% used [0x0000000080000000,0x0000000081bab180,0x0000000084300000)
 Metaspace       used 34749K, committed 35840K, reserved 1114112K
  class space    used 3601K, committed 4096K, reserved 1048576K
}
Event: 9.074 GC heap after
{Heap after GC invocations=18 (full 1):
 PSYoungGen      total 19968K, used 889K [0x00000000d5580000, 0x00000000d6f00000, 0x0000000100000000)
  eden space 18944K, 0% used [0x00000000d5580000,0x00000000d5580000,0x00000000d6800000)
  from space 1024K, 86% used [0x00000000d6800000,0x00000000d68de470,0x00000000d6900000)
  to   space 2560K, 0% used [0x00000000d6c80000,0x00000000d6c80000,0x00000000d6f00000)
 ParOldGen       total 68608K, used 30396K [0x0000000080000000, 0x0000000084300000, 0x00000000d5580000)
  object space 68608K, 44% used [0x0000000080000000,0x0000000081daf380,0x0000000084300000)
 Metaspace       used 34749K, committed 35840K, reserved 1114112K
  class space    used 3601K, committed 4096K, reserved 1048576K
}
Event: 9.074 GC heap before
{Heap before GC invocations=19 (full 2):
 PSYoungGen      total 19968K, used 889K [0x00000000d5580000, 0x00000000d6f00000, 0x0000000100000000)
  eden space 18944K, 0% used [0x00000000d5580000,0x00000000d5580000,0x00000000d6800000)
  from space 1024K, 86% used [0x00000000d6800000,0x00000000d68de470,0x00000000d6900000)
  to   space 2560K, 0% used [0x00000000d6c80000,0x00000000d6c80000,0x00000000d6f00000)
 ParOldGen       total 68608K, used 30396K [0x0000000080000000, 0x0000000084300000, 0x00000000d5580000)
  object space 68608K, 44% used [0x0000000080000000,0x0000000081daf380,0x0000000084300000)
 Metaspace       used 34749K, committed 35840K, reserved 1114112K
  class space    used 3601K, committed 4096K, reserved 1048576K
}
Event: 9.139 GC heap after
{Heap after GC invocations=19 (full 2):
 PSYoungGen      total 19968K, used 0K [0x00000000d5580000, 0x00000000d6f00000, 0x0000000100000000)
  eden space 18944K, 0% used [0x00000000d5580000,0x00000000d5580000,0x00000000d6800000)
  from space 1024K, 0% used [0x00000000d6800000,0x00000000d6800000,0x00000000d6900000)
  to   space 2560K, 0% used [0x00000000d6c80000,0x00000000d6c80000,0x00000000d6f00000)
 ParOldGen       total 68608K, used 28889K [0x0000000080000000, 0x0000000084300000, 0x00000000d5580000)
  object space 68608K, 42% used [0x0000000080000000,0x0000000081c36608,0x0000000084300000)
 Metaspace       used 34488K, committed 35840K, reserved 1114112K
  class space    used 3527K, committed 4096K, reserved 1048576K
}
Event: 9.982 GC heap before
{Heap before GC invocations=20 (full 2):
 PSYoungGen      total 19968K, used 18944K [0x00000000d5580000, 0x00000000d6f00000, 0x0000000100000000)
  eden space 18944K, 100% used [0x00000000d5580000,0x00000000d6800000,0x00000000d6800000)
  from space 1024K, 0% used [0x00000000d6800000,0x00000000d6800000,0x00000000d6900000)
  to   space 2560K, 0% used [0x00000000d6c80000,0x00000000d6c80000,0x00000000d6f00000)
 ParOldGen       total 68608K, used 28889K [0x0000000080000000, 0x0000000084300000, 0x00000000d5580000)
  object space 68608K, 42% used [0x0000000080000000,0x0000000081c36608,0x0000000084300000)
 Metaspace       used 36233K, committed 37184K, reserved 1114112K
  class space    used 3718K, committed 4096K, reserved 1048576K
}
Event: 9.984 GC heap after
{Heap after GC invocations=20 (full 2):
 PSYoungGen      total 19968K, used 813K [0x00000000d5580000, 0x00000000d6d80000, 0x0000000100000000)
  eden space 18944K, 0% used [0x00000000d5580000,0x00000000d5580000,0x00000000d6800000)
  from space 1024K, 79% used [0x00000000d6c80000,0x00000000d6d4b710,0x00000000d6d80000)
  to   space 1536K, 0% used [0x00000000d6a80000,0x00000000d6a80000,0x00000000d6c00000)
 ParOldGen       total 68608K, used 28897K [0x0000000080000000, 0x0000000084300000, 0x00000000d5580000)
  object space 68608K, 42% used [0x0000000080000000,0x0000000081c38608,0x0000000084300000)
 Metaspace       used 36233K, committed 37184K, reserved 1114112K
  class space    used 3718K, committed 4096K, reserved 1048576K
}
Event: 10.697 GC heap before
{Heap before GC invocations=21 (full 2):
 PSYoungGen      total 19968K, used 19757K [0x00000000d5580000, 0x00000000d6d80000, 0x0000000100000000)
  eden space 18944K, 100% used [0x00000000d5580000,0x00000000d6800000,0x00000000d6800000)
  from space 1024K, 79% used [0x00000000d6c80000,0x00000000d6d4b710,0x00000000d6d80000)
  to   space 1536K, 0% used [0x00000000d6a80000,0x00000000d6a80000,0x00000000d6c00000)
 ParOldGen       total 68608K, used 28897K [0x0000000080000000, 0x0000000084300000, 0x00000000d5580000)
  object space 68608K, 42% used [0x0000000080000000,0x0000000081c38608,0x0000000084300000)
 Metaspace       used 37745K, committed 38720K, reserved 1114112K
  class space    used 3848K, committed 4224K, reserved 1048576K
}
Event: 10.699 GC heap after
{Heap after GC invocations=21 (full 2):
 PSYoungGen      total 20480K, used 672K [0x00000000d5580000, 0x00000000d6d00000, 0x0000000100000000)
  eden space 18944K, 0% used [0x00000000d5580000,0x00000000d5580000,0x00000000d6800000)
  from space 1536K, 43% used [0x00000000d6a80000,0x00000000d6b28040,0x00000000d6c00000)
  to   space 1024K, 0% used [0x00000000d6c00000,0x00000000d6c00000,0x00000000d6d00000)
 ParOldGen       total 68608K, used 29457K [0x0000000080000000, 0x0000000084300000, 0x00000000d5580000)
  object space 68608K, 42% used [0x0000000080000000,0x0000000081cc4638,0x0000000084300000)
 Metaspace       used 37745K, committed 38720K, reserved 1114112K
  class space    used 3848K, committed 4224K, reserved 1048576K
}
Event: 10.794 GC heap before
{Heap before GC invocations=22 (full 2):
 PSYoungGen      total 20480K, used 19616K [0x00000000d5580000, 0x00000000d6d00000, 0x0000000100000000)
  eden space 18944K, 100% used [0x00000000d5580000,0x00000000d6800000,0x00000000d6800000)
  from space 1536K, 43% used [0x00000000d6a80000,0x00000000d6b28040,0x00000000d6c00000)
  to   space 1024K, 0% used [0x00000000d6c00000,0x00000000d6c00000,0x00000000d6d00000)
 ParOldGen       total 68608K, used 29457K [0x0000000080000000, 0x0000000084300000, 0x00000000d5580000)
  object space 68608K, 42% used [0x0000000080000000,0x0000000081cc4638,0x0000000084300000)
 Metaspace       used 38384K, committed 39360K, reserved 1114112K
  class space    used 3919K, committed 4352K, reserved 1048576K
}
Event: 10.797 GC heap after
{Heap after GC invocations=22 (full 2):
 PSYoungGen      total 19968K, used 1020K [0x00000000d5580000, 0x00000000d6d00000, 0x0000000100000000)
  eden space 18944K, 0% used [0x00000000d5580000,0x00000000d5580000,0x00000000d6800000)
  from space 1024K, 99% used [0x00000000d6c00000,0x00000000d6cff308,0x00000000d6d00000)
  to   space 2560K, 0% used [0x00000000d6800000,0x00000000d6800000,0x00000000d6a80000)
 ParOldGen       total 68608K, used 30526K [0x0000000080000000, 0x0000000084300000, 0x00000000d5580000)
  object space 68608K, 44% used [0x0000000080000000,0x0000000081dcf888,0x0000000084300000)
 Metaspace       used 38384K, committed 39360K, reserved 1114112K
  class space    used 3919K, committed 4352K, reserved 1048576K
}
Event: 11.805 GC heap before
{Heap before GC invocations=23 (full 2):
 PSYoungGen      total 19968K, used 19964K [0x00000000d5580000, 0x00000000d6d00000, 0x0000000100000000)
  eden space 18944K, 100% used [0x00000000d5580000,0x00000000d6800000,0x00000000d6800000)
  from space 1024K, 99% used [0x00000000d6c00000,0x00000000d6cff308,0x00000000d6d00000)
  to   space 2560K, 0% used [0x00000000d6800000,0x00000000d6800000,0x00000000d6a80000)
 ParOldGen       total 68608K, used 30526K [0x0000000080000000, 0x0000000084300000, 0x00000000d5580000)
  object space 68608K, 44% used [0x0000000080000000,0x0000000081dcf888,0x0000000084300000)
 Metaspace       used 38395K, committed 39360K, reserved 1114112K
  class space    used 3919K, committed 4352K, reserved 1048576K
}
Event: 11.807 GC heap after
{Heap after GC invocations=23 (full 2):
 PSYoungGen      total 21504K, used 1088K [0x00000000d5580000, 0x00000000d6c80000, 0x0000000100000000)
  eden space 18944K, 0% used [0x00000000d5580000,0x00000000d5580000,0x00000000d6800000)
  from space 2560K, 42% used [0x00000000d6800000,0x00000000d69100a0,0x00000000d6a80000)
  to   space 1536K, 0% used [0x00000000d6b00000,0x00000000d6b00000,0x00000000d6c80000)
 ParOldGen       total 68608K, used 31132K [0x0000000080000000, 0x0000000084300000, 0x00000000d5580000)
  object space 68608K, 45% used [0x0000000080000000,0x0000000081e673c0,0x0000000084300000)
 Metaspace       used 38395K, committed 39360K, reserved 1114112K
  class space    used 3919K, committed 4352K, reserved 1048576K
}
Event: 12.134 GC heap before
{Heap before GC invocations=24 (full 2):
 PSYoungGen      total 21504K, used 20032K [0x00000000d5580000, 0x00000000d6c80000, 0x0000000100000000)
  eden space 18944K, 99% used [0x00000000d5580000,0x00000000d67fffd0,0x00000000d6800000)
  from space 2560K, 42% used [0x00000000d6800000,0x00000000d69100a0,0x00000000d6a80000)
  to   space 1536K, 0% used [0x00000000d6b00000,0x00000000d6b00000,0x00000000d6c80000)
 ParOldGen       total 68608K, used 31132K [0x0000000080000000, 0x0000000084300000, 0x00000000d5580000)
  object space 68608K, 45% used [0x0000000080000000,0x0000000081e673c0,0x0000000084300000)
 Metaspace       used 40650K, committed 41600K, reserved 1114112K
  class space    used 4173K, committed 4608K, reserved 1048576K
}
Event: 12.136 GC heap after
{Heap after GC invocations=24 (full 2):
 PSYoungGen      total 20480K, used 1088K [0x00000000d5580000, 0x00000000d6c80000, 0x0000000100000000)
  eden space 18944K, 0% used [0x00000000d5580000,0x00000000d5580000,0x00000000d6800000)
  from space 1536K, 70% used [0x00000000d6b00000,0x00000000d6c10158,0x00000000d6c80000)
  to   space 1536K, 0% used [0x00000000d6980000,0x00000000d6980000,0x00000000d6b00000)
 ParOldGen       total 68608K, used 31156K [0x0000000080000000, 0x0000000084300000, 0x00000000d5580000)
  object space 68608K, 45% used [0x0000000080000000,0x0000000081e6d3c0,0x0000000084300000)
 Metaspace       used 40650K, committed 41600K, reserved 1114112K
  class space    used 4173K, committed 4608K, reserved 1048576K
}
Event: 13.083 GC heap before
{Heap before GC invocations=25 (full 2):
 PSYoungGen      total 20480K, used 20032K [0x00000000d5580000, 0x00000000d6c80000, 0x0000000100000000)
  eden space 18944K, 100% used [0x00000000d5580000,0x00000000d6800000,0x00000000d6800000)
  from space 1536K, 70% used [0x00000000d6b00000,0x00000000d6c10158,0x00000000d6c80000)
  to   space 1536K, 0% used [0x00000000d6980000,0x00000000d6980000,0x00000000d6b00000)
 ParOldGen       total 68608K, used 31156K [0x0000000080000000, 0x0000000084300000, 0x00000000d5580000)
  object space 68608K, 45% used [0x0000000080000000,0x0000000081e6d3c0,0x0000000084300000)
 Metaspace       used 42399K, committed 43456K, reserved 1114112K
  class space    used 4334K, committed 4736K, reserved 1048576K
}
Event: 13.086 GC heap after
{Heap after GC invocations=25 (full 2):
 PSYoungGen      total 20480K, used 1207K [0x00000000d5580000, 0x00000000d6b80000, 0x0000000100000000)
  eden space 18944K, 0% used [0x00000000d5580000,0x00000000d5580000,0x00000000d6800000)
  from space 1536K, 78% used [0x00000000d6980000,0x00000000d6aadc58,0x00000000d6b00000)
  to   space 512K, 0% used [0x00000000d6b00000,0x00000000d6b00000,0x00000000d6b80000)
 ParOldGen       total 68608K, used 31831K [0x0000000080000000, 0x0000000084300000, 0x00000000d5580000)
  object space 68608K, 46% used [0x0000000080000000,0x0000000081f15d78,0x0000000084300000)
 Metaspace       used 42399K, committed 43456K, reserved 1114112K
  class space    used 4334K, committed 4736K, reserved 1048576K
}

