# JRE version: OpenJDK Runtime Environment Temurin-21.0.10+7 (21.0.10+7) (build 21.0.10+7-LTS)
# Java VM: OpenJDK 64-Bit Server VM Temurin-21.0.10+7 (21.0.10+7-LTS, mixed mode, sharing, tiered, compressed oops, compressed class ptrs, parallel gc, windows-amd64)
GC Precious Log:
 CardTable entry size: 512
 CPUs: 8 total, 8 available
 Memory: 16057M
 Large Page Support: Disabled
 NUMA Support: Disabled
 Compressed Oops: Enabled (32-bit)
 Alignments: Space 512K, Generation 512K, Heap 2M
 Heap Min Capacity: 100M
 Heap Initial Capacity: 100M
 Heap Max Capacity: 2G
 Pre-touch: Disabled
 Parallel Workers: 8
Heap:
 PSYoungGen      total 7168K, used 7161K [0x00000000d5580000, 0x00000000d5f00000, 0x0000000100000000)
  eden space 4608K, 99% used [0x00000000d5580000,0x00000000d59ffff0,0x00000000d5a00000)
  from space 2560K, 99% used [0x00000000d5c80000,0x00000000d5efe580,0x00000000d5f00000)
  to   space 1536K, 0% used [0x00000000d5a00000,0x00000000d5a00000,0x00000000d5b80000)
 ParOldGen       total 93184K, used 93180K [0x0000000080000000, 0x0000000085b00000, 0x00000000d5580000)
  object space 93184K, 99% used [0x0000000080000000,0x0000000085aff0a8,0x0000000085b00000)
 Metaspace       used 78686K, committed 80448K, reserved 1179648K
  class space    used 8040K, committed 8896K, reserved 1048576K
GC Heap History (20 events):
Event: 2136.865 GC heap after
{Heap after GC invocations=268 (full 5):
 PSYoungGen      total 7168K, used 1248K [0x00000000d5580000, 0x00000000d5e80000, 0x0000000100000000)
  eden space 5120K, 0% used [0x00000000d5580000,0x00000000d5580000,0x00000000d5a80000)
  from space 2048K, 60% used [0x00000000d5a80000,0x00000000d5bb8020,0x00000000d5c80000)
  to   space 2048K, 0% used [0x00000000d5c80000,0x00000000d5c80000,0x00000000d5e80000)
 ParOldGen       total 80896K, used 80507K [0x0000000080000000, 0x0000000084f00000, 0x00000000d5580000)
  object space 80896K, 99% used [0x0000000080000000,0x0000000084e9ec70,0x0000000084f00000)
 Metaspace       used 78636K, committed 80448K, reserved 1179648K
  class space    used 8040K, committed 8896K, reserved 1048576K
}
Event: 2137.363 GC heap before
{Heap before GC invocations=269 (full 5):
 PSYoungGen      total 7168K, used 6368K [0x00000000d5580000, 0x00000000d5e80000, 0x0000000100000000)
  eden space 5120K, 100% used [0x00000000d5580000,0x00000000d5a80000,0x00000000d5a80000)
  from space 2048K, 60% used [0x00000000d5a80000,0x00000000d5bb8020,0x00000000d5c80000)
  to   space 2048K, 0% used [0x00000000d5c80000,0x00000000d5c80000,0x00000000d5e80000)
 ParOldGen       total 80896K, used 80507K [0x0000000080000000, 0x0000000084f00000, 0x00000000d5580000)
  object space 80896K, 99% used [0x0000000080000000,0x0000000084e9ec70,0x0000000084f00000)
 Metaspace       used 78638K, committed 80448K, reserved 1179648K
  class space    used 8040K, committed 8896K, reserved 1048576K
}
Event: 2137.366 GC heap after
{Heap after GC invocations=269 (full 5):
 PSYoungGen      total 5632K, used 352K [0x00000000d5580000, 0x00000000d5d00000, 0x0000000100000000)
  eden space 5120K, 0% used [0x00000000d5580000,0x00000000d5580000,0x00000000d5a80000)
  from space 512K, 68% used [0x00000000d5c80000,0x00000000d5cd8000,0x00000000d5d00000)
  to   space 1024K, 0% used [0x00000000d5b00000,0x00000000d5b00000,0x00000000d5c00000)
 ParOldGen       total 81408K, used 81280K [0x0000000080000000, 0x0000000084f80000, 0x00000000d5580000)
  object space 81408K, 99% used [0x0000000080000000,0x0000000084f60110,0x0000000084f80000)
 Metaspace       used 78638K, committed 80448K, reserved 1179648K
  class space    used 8040K, committed 8896K, reserved 1048576K
}
Event: 2137.929 GC heap before
{Heap before GC invocations=270 (full 5):
 PSYoungGen      total 5632K, used 5472K [0x00000000d5580000, 0x00000000d5d00000, 0x0000000100000000)
  eden space 5120K, 100% used [0x00000000d5580000,0x00000000d5a80000,0x00000000d5a80000)
  from space 512K, 68% used [0x00000000d5c80000,0x00000000d5cd8000,0x00000000d5d00000)
  to   space 1024K, 0% used [0x00000000d5b00000,0x00000000d5b00000,0x00000000d5c00000)
 ParOldGen       total 81408K, used 81280K [0x0000000080000000, 0x0000000084f80000, 0x00000000d5580000)
  object space 81408K, 99% used [0x0000000080000000,0x0000000084f60110,0x0000000084f80000)
 Metaspace       used 78638K, committed 80448K, reserved 1179648K
  class space    used 8040K, committed 8896K, reserved 1048576K
}
Event: 2137.933 GC heap after
{Heap after GC invocations=270 (full 5):
 PSYoungGen      total 6144K, used 1006K [0x00000000d5580000, 0x00000000d6280000, 0x0000000100000000)
  eden space 5120K, 0% used [0x00000000d5580000,0x00000000d5580000,0x00000000d5a80000)
  from space 1024K, 98% used [0x00000000d5b00000,0x00000000d5bfb8d0,0x00000000d5c00000)
  to   space 4096K, 0% used [0x00000000d5e80000,0x00000000d5e80000,0x00000000d6280000)
 ParOldGen       total 83968K, used 83544K [0x0000000080000000, 0x0000000085200000, 0x00000000d5580000)
  object space 83968K, 99% used [0x0000000080000000,0x0000000085196120,0x0000000085200000)
 Metaspace       used 78638K, committed 80448K, reserved 1179648K
  class space    used 8040K, committed 8896K, reserved 1048576K
}
Event: 2137.961 GC heap before
{Heap before GC invocations=271 (full 5):
 PSYoungGen      total 6144K, used 6126K [0x00000000d5580000, 0x00000000d6280000, 0x0000000100000000)
  eden space 5120K, 100% used [0x00000000d5580000,0x00000000d5a80000,0x00000000d5a80000)
  from space 1024K, 98% used [0x00000000d5b00000,0x00000000d5bfb8d0,0x00000000d5c00000)
  to   space 4096K, 0% used [0x00000000d5e80000,0x00000000d5e80000,0x00000000d6280000)
 ParOldGen       total 83968K, used 83544K [0x0000000080000000, 0x0000000085200000, 0x00000000d5580000)
  object space 83968K, 99% used [0x0000000080000000,0x0000000085196120,0x0000000085200000)
 Metaspace       used 78638K, committed 80448K, reserved 1179648K
  class space    used 8040K, committed 8896K, reserved 1048576K
}
Event: 2137.962 GC heap after
{Heap after GC invocations=271 (full 5):
 PSYoungGen      total 6656K, used 1433K [0x00000000d5580000, 0x00000000d6000000, 0x0000000100000000)
  eden space 5120K, 0% used [0x00000000d5580000,0x00000000d5580000,0x00000000d5a80000)
  from space 1536K, 93% used [0x00000000d5e80000,0x00000000d5fe6580,0x00000000d6000000)
  to   space 2560K, 0% used [0x00000000d5b00000,0x00000000d5b00000,0x00000000d5d80000)
 ParOldGen       total 83968K, used 83600K [0x0000000080000000, 0x0000000085200000, 0x00000000d5580000)
  object space 83968K, 99% used [0x0000000080000000,0x00000000851a4130,0x0000000085200000)
 Metaspace       used 78638K, committed 80448K, reserved 1179648K
  class space    used 8040K, committed 8896K, reserved 1048576K
}
Event: 2138.012 GC heap before
{Heap before GC invocations=272 (full 5):
 PSYoungGen      total 6656K, used 6553K [0x00000000d5580000, 0x00000000d6000000, 0x0000000100000000)
  eden space 5120K, 100% used [0x00000000d5580000,0x00000000d5a80000,0x00000000d5a80000)
  from space 1536K, 93% used [0x00000000d5e80000,0x00000000d5fe6580,0x00000000d6000000)
  to   space 2560K, 0% used [0x00000000d5b00000,0x00000000d5b00000,0x00000000d5d80000)
 ParOldGen       total 83968K, used 83600K [0x0000000080000000, 0x0000000085200000, 0x00000000d5580000)
  object space 83968K, 99% used [0x0000000080000000,0x00000000851a4130,0x0000000085200000)
 Metaspace       used 78644K, committed 80448K, reserved 1179648K
  class space    used 8040K, committed 8896K, reserved 1048576K
}
Event: 2139.017 GC heap after
{Heap after GC invocations=272 (full 5):
 PSYoungGen      total 7680K, used 2528K [0x00000000d5580000, 0x00000000d6480000, 0x0000000100000000)
  eden space 5120K, 0% used [0x00000000d5580000,0x00000000d5580000,0x00000000d5a80000)
  from space 2560K, 98% used [0x00000000d5b00000,0x00000000d5d78010,0x00000000d5d80000)
  to   space 5120K, 0% used [0x00000000d5f80000,0x00000000d5f80000,0x00000000d6480000)
 ParOldGen       total 85504K, used 85217K [0x0000000080000000, 0x0000000085380000, 0x00000000d5580000)
  object space 85504K, 99% used [0x0000000080000000,0x00000000853386b0,0x0000000085380000)
 Metaspace       used 78644K, committed 80448K, reserved 1179648K
  class space    used 8040K, committed 8896K, reserved 1048576K
}
Event: 2139.037 GC heap before
{Heap before GC invocations=273 (full 5):
 PSYoungGen      total 7680K, used 7648K [0x00000000d5580000, 0x00000000d6480000, 0x0000000100000000)
  eden space 5120K, 99% used [0x00000000d5580000,0x00000000d5a7fff8,0x00000000d5a80000)
  from space 2560K, 98% used [0x00000000d5b00000,0x00000000d5d78010,0x00000000d5d80000)
  to   space 5120K, 0% used [0x00000000d5f80000,0x00000000d5f80000,0x00000000d6480000)
 ParOldGen       total 85504K, used 85217K [0x0000000080000000, 0x0000000085380000, 0x00000000d5580000)
  object space 85504K, 99% used [0x0000000080000000,0x00000000853386b0,0x0000000085380000)
 Metaspace       used 78649K, committed 80448K, reserved 1179648K
  class space    used 8040K, committed 8896K, reserved 1048576K
}
Event: 2139.041 GC heap after
{Heap after GC invocations=273 (full 5):
 PSYoungGen      total 6144K, used 1024K [0x00000000d5580000, 0x00000000d6080000, 0x0000000100000000)
  eden space 5120K, 0% used [0x00000000d5580000,0x00000000d5580000,0x00000000d5a80000)
  from space 1024K, 100% used [0x00000000d5f80000,0x00000000d6080000,0x00000000d6080000)
  to   space 2560K, 0% used [0x00000000d5b80000,0x00000000d5b80000,0x00000000d5e00000)
 ParOldGen       total 87552K, used 87417K [0x0000000080000000, 0x0000000085580000, 0x00000000d5580000)
  object space 87552K, 99% used [0x0000000080000000,0x000000008555e6b0,0x0000000085580000)
 Metaspace       used 78649K, committed 80448K, reserved 1179648K
  class space    used 8040K, committed 8896K, reserved 1048576K
}
Event: 2139.074 GC heap before
{Heap before GC invocations=274 (full 5):
 PSYoungGen      total 6144K, used 6144K [0x00000000d5580000, 0x00000000d6080000, 0x0000000100000000)
  eden space 5120K, 100% used [0x00000000d5580000,0x00000000d5a80000,0x00000000d5a80000)
  from space 1024K, 100% used [0x00000000d5f80000,0x00000000d6080000,0x00000000d6080000)
  to   space 2560K, 0% used [0x00000000d5b80000,0x00000000d5b80000,0x00000000d5e00000)
 ParOldGen       total 87552K, used 87417K [0x0000000080000000, 0x0000000085580000, 0x00000000d5580000)
  object space 87552K, 99% used [0x0000000080000000,0x000000008555e6b0,0x0000000085580000)
 Metaspace       used 78670K, committed 80448K, reserved 1179648K
  class space    used 8040K, committed 8896K, reserved 1048576K
}
Event: 2139.076 GC heap after
{Heap after GC invocations=274 (full 5):
 PSYoungGen      total 7680K, used 960K [0x00000000d5580000, 0x00000000d6000000, 0x0000000100000000)
  eden space 5120K, 0% used [0x00000000d5580000,0x00000000d5580000,0x00000000d5a80000)
  from space 2560K, 37% used [0x00000000d5b80000,0x00000000d5c70000,0x00000000d5e00000)
  to   space 1536K, 0% used [0x00000000d5e80000,0x00000000d5e80000,0x00000000d6000000)
 ParOldGen       total 87552K, used 87457K [0x0000000080000000, 0x0000000085580000, 0x00000000d5580000)
  object space 87552K, 99% used [0x0000000080000000,0x00000000855686b0,0x0000000085580000)
 Metaspace       used 78670K, committed 80448K, reserved 1179648K
  class space    used 8040K, committed 8896K, reserved 1048576K
}
Event: 2139.112 GC heap before
{Heap before GC invocations=275 (full 5):
 PSYoungGen      total 7680K, used 6080K [0x00000000d5580000, 0x00000000d6000000, 0x0000000100000000)
  eden space 5120K, 100% used [0x00000000d5580000,0x00000000d5a80000,0x00000000d5a80000)
  from space 2560K, 37% used [0x00000000d5b80000,0x00000000d5c70000,0x00000000d5e00000)
  to   space 1536K, 0% used [0x00000000d5e80000,0x00000000d5e80000,0x00000000d6000000)
 ParOldGen       total 87552K, used 87457K [0x0000000080000000, 0x0000000085580000, 0x00000000d5580000)
  object space 87552K, 99% used [0x0000000080000000,0x00000000855686b0,0x0000000085580000)
 Metaspace       used 78677K, committed 80448K, reserved 1179648K
  class space    used 8040K, committed 8896K, reserved 1048576K
}
Event: 2140.119 GC heap after
{Heap after GC invocations=275 (full 5):
 PSYoungGen      total 6144K, used 1525K [0x00000000d5580000, 0x00000000d6380000, 0x0000000100000000)
  eden space 4608K, 0% used [0x00000000d5580000,0x00000000d5580000,0x00000000d5a00000)
  from space 1536K, 99% used [0x00000000d5e80000,0x00000000d5ffd538,0x00000000d6000000)
  to   space 4608K, 0% used [0x00000000d5a00000,0x00000000d5a00000,0x00000000d5e80000)
 ParOldGen       total 90112K, used 89870K [0x0000000080000000, 0x0000000085800000, 0x00000000d5580000)
  object space 90112K, 99% used [0x0000000080000000,0x00000000857c3b50,0x0000000085800000)
 Metaspace       used 78677K, committed 80448K, reserved 1179648K
  class space    used 8040K, committed 8896K, reserved 1048576K
}
Event: 2140.148 GC heap before
{Heap before GC invocations=276 (full 5):
 PSYoungGen      total 6144K, used 6133K [0x00000000d5580000, 0x00000000d6380000, 0x0000000100000000)
  eden space 4608K, 100% used [0x00000000d5580000,0x00000000d5a00000,0x00000000d5a00000)
  from space 1536K, 99% used [0x00000000d5e80000,0x00000000d5ffd538,0x00000000d6000000)
  to   space 4608K, 0% used [0x00000000d5a00000,0x00000000d5a00000,0x00000000d5e80000)
 ParOldGen       total 90112K, used 89870K [0x0000000080000000, 0x0000000085800000, 0x00000000d5580000)
  object space 90112K, 99% used [0x0000000080000000,0x00000000857c3b50,0x0000000085800000)
 Metaspace       used 78682K, committed 80448K, reserved 1179648K
  class space    used 8040K, committed 8896K, reserved 1048576K
}
Event: 2140.153 GC heap after
{Heap after GC invocations=276 (full 5):
 PSYoungGen      total 6144K, used 1392K [0x00000000d5580000, 0x00000000d5f00000, 0x0000000100000000)
  eden space 4608K, 0% used [0x00000000d5580000,0x00000000d5580000,0x00000000d5a00000)
  from space 1536K, 90% used [0x00000000d5a00000,0x00000000d5b5c010,0x00000000d5b80000)
  to   space 2560K, 0% used [0x00000000d5c80000,0x00000000d5c80000,0x00000000d5f00000)
 ParOldGen       total 91648K, used 91436K [0x0000000080000000, 0x0000000085980000, 0x00000000d5580000)
  object space 91648K, 99% used [0x0000000080000000,0x000000008594b098,0x0000000085980000)
 Metaspace       used 78682K, committed 80448K, reserved 1179648K
  class space    used 8040K, committed 8896K, reserved 1048576K
}
Event: 2140.191 GC heap before
{Heap before GC invocations=277 (full 5):
 PSYoungGen      total 6144K, used 6000K [0x00000000d5580000, 0x00000000d5f00000, 0x0000000100000000)
  eden space 4608K, 100% used [0x00000000d5580000,0x00000000d5a00000,0x00000000d5a00000)
  from space 1536K, 90% used [0x00000000d5a00000,0x00000000d5b5c010,0x00000000d5b80000)
  to   space 2560K, 0% used [0x00000000d5c80000,0x00000000d5c80000,0x00000000d5f00000)
 ParOldGen       total 91648K, used 91436K [0x0000000080000000, 0x0000000085980000, 0x00000000d5580000)
  object space 91648K, 99% used [0x0000000080000000,0x000000008594b098,0x0000000085980000)
 Metaspace       used 78684K, committed 80448K, reserved 1179648K
  class space    used 8040K, committed 8896K, reserved 1048576K
}
Event: 2142.198 GC heap after
{Heap after GC invocations=277 (full 5):
 PSYoungGen      total 7168K, used 2553K [0x00000000d5580000, 0x00000000d5f00000, 0x0000000100000000)
  eden space 4608K, 0% used [0x00000000d5580000,0x00000000d5580000,0x00000000d5a00000)
  from space 2560K, 99% used [0x00000000d5c80000,0x00000000d5efe580,0x00000000d5f00000)
  to   space 1536K, 0% used [0x00000000d5a00000,0x00000000d5a00000,0x00000000d5b80000)
 ParOldGen       total 93184K, used 93180K [0x0000000080000000, 0x0000000085b00000, 0x00000000d5580000)
  object space 93184K, 99% used [0x0000000080000000,0x0000000085aff0a8,0x0000000085b00000)
 Metaspace       used 78684K, committed 80448K, reserved 1179648K
  class space    used 8040K, committed 8896K, reserved 1048576K
}
Event: 2142.679 GC heap before
{Heap before GC invocations=278 (full 5):
 PSYoungGen      total 7168K, used 7161K [0x00000000d5580000, 0x00000000d5f00000, 0x0000000100000000)
  eden space 4608K, 99% used [0x00000000d5580000,0x00000000d59ffff0,0x00000000d5a00000)
  from space 2560K, 99% used [0x00000000d5c80000,0x00000000d5efe580,0x00000000d5f00000)
  to   space 1536K, 0% used [0x00000000d5a00000,0x00000000d5a00000,0x00000000d5b80000)
 ParOldGen       total 93184K, used 93180K [0x0000000080000000, 0x0000000085b00000, 0x00000000d5580000)
  object space 93184K, 99% used [0x0000000080000000,0x0000000085aff0a8,0x0000000085b00000)
 Metaspace       used 78686K, committed 80448K, reserved 1179648K
  class space    used 8040K, committed 8896K, reserved 1048576K
}

