# JRE version: OpenJDK Runtime Environment Temurin-21.0.10+7 (21.0.10+7) (build 21.0.10+7-LTS)
# Java VM: OpenJDK 64-Bit Server VM Temurin-21.0.10+7 (21.0.10+7-LTS, mixed mode, sharing, tiered, compressed oops, compressed class ptrs, parallel gc, windows-amd64)
GC Precious Log:
 CardTable entry size: 512
 CPUs: 8 total, 8 available
 Memory: 16057M
 Large Page Support: Disabled
 NUMA Support: Disabled
 Compressed Oops: Enabled (32-bit)
 Alignments: Space 512K, Generation 512K, Heap 2M
 Heap Min Capacity: 100M
 Heap Initial Capacity: 100M
 Heap Max Capacity: 2G
 Pre-touch: Disabled
 Parallel Workers: 8
Heap:
 PSYoungGen      total 20480K, used 13676K [0x00000000d5580000, 0x00000000d6c00000, 0x0000000100000000)
  eden space 17920K, 64% used [0x00000000d5580000,0x00000000d60c9f60,0x00000000d6700000)
  from space 2560K, 82% used [0x00000000d6700000,0x00000000d6911378,0x00000000d6980000)
  to   space 2560K, 0% used [0x00000000d6980000,0x00000000d6980000,0x00000000d6c00000)
 ParOldGen       total 68608K, used 45372K [0x0000000080000000, 0x0000000084300000, 0x00000000d5580000)
  object space 68608K, 66% used [0x0000000080000000,0x0000000082c4f2d8,0x0000000084300000)
 Metaspace       used 66520K, committed 67968K, reserved 1114112K
  class space    used 7175K, committed 7808K, reserved 1048576K
GC Heap History (20 events):
Event: 35.312 GC heap before
{Heap before GC invocations=29 (full 2):
 PSYoungGen      total 20480K, used 20480K [0x00000000d5580000, 0x00000000d7800000, 0x0000000100000000)
  eden space 18944K, 100% used [0x00000000d5580000,0x00000000d6800000,0x00000000d6800000)
  from space 1536K, 100% used [0x00000000d6e80000,0x00000000d7000000,0x00000000d7000000)
  to   space 6656K, 0% used [0x00000000d6800000,0x00000000d6800000,0x00000000d6e80000)
 ParOldGen       total 68608K, used 40328K [0x0000000080000000, 0x0000000084300000, 0x00000000d5580000)
  object space 68608K, 58% used [0x0000000080000000,0x0000000082762228,0x0000000084300000)
 Metaspace       used 54700K, committed 55872K, reserved 1114112K
  class space    used 6027K, committed 6528K, reserved 1048576K
}
Event: 35.314 GC heap after
{Heap after GC invocations=29 (full 2):
 PSYoungGen      total 19968K, used 925K [0x00000000d5580000, 0x00000000d6f00000, 0x0000000100000000)
  eden space 18944K, 0% used [0x00000000d5580000,0x00000000d5580000,0x00000000d6800000)
  from space 1024K, 90% used [0x00000000d6800000,0x00000000d68e74e0,0x00000000d6900000)
  to   space 3072K, 0% used [0x00000000d6c00000,0x00000000d6c00000,0x00000000d6f00000)
 ParOldGen       total 68608K, used 41870K [0x0000000080000000, 0x0000000084300000, 0x00000000d5580000)
  object space 68608K, 61% used [0x0000000080000000,0x00000000828e3b28,0x0000000084300000)
 Metaspace       used 54700K, committed 55872K, reserved 1114112K
  class space    used 6027K, committed 6528K, reserved 1048576K
}
Event: 35.552 GC heap before
{Heap before GC invocations=30 (full 2):
 PSYoungGen      total 19968K, used 19862K [0x00000000d5580000, 0x00000000d6f00000, 0x0000000100000000)
  eden space 18944K, 99% used [0x00000000d5580000,0x00000000d67fe340,0x00000000d6800000)
  from space 1024K, 90% used [0x00000000d6800000,0x00000000d68e74e0,0x00000000d6900000)
  to   space 3072K, 0% used [0x00000000d6c00000,0x00000000d6c00000,0x00000000d6f00000)
 ParOldGen       total 68608K, used 41870K [0x0000000080000000, 0x0000000084300000, 0x00000000d5580000)
  object space 68608K, 61% used [0x0000000080000000,0x00000000828e3b28,0x0000000084300000)
 Metaspace       used 56160K, committed 57408K, reserved 1114112K
  class space    used 6156K, committed 6656K, reserved 1048576K
}
Event: 35.555 GC heap after
{Heap after GC invocations=30 (full 2):
 PSYoungGen      total 19968K, used 813K [0x00000000d5580000, 0x00000000d6d00000, 0x0000000100000000)
  eden space 18944K, 0% used [0x00000000d5580000,0x00000000d5580000,0x00000000d6800000)
  from space 1024K, 79% used [0x00000000d6c00000,0x00000000d6ccb650,0x00000000d6d00000)
  to   space 1536K, 0% used [0x00000000d6a00000,0x00000000d6a00000,0x00000000d6b80000)
 ParOldGen       total 68608K, used 42565K [0x0000000080000000, 0x0000000084300000, 0x00000000d5580000)
  object space 68608K, 62% used [0x0000000080000000,0x0000000082991660,0x0000000084300000)
 Metaspace       used 56160K, committed 57408K, reserved 1114112K
  class space    used 6156K, committed 6656K, reserved 1048576K
}
Event: 35.617 GC heap before
{Heap before GC invocations=31 (full 2):
 PSYoungGen      total 19968K, used 19757K [0x00000000d5580000, 0x00000000d6d00000, 0x0000000100000000)
  eden space 18944K, 100% used [0x00000000d5580000,0x00000000d6800000,0x00000000d6800000)
  from space 1024K, 79% used [0x00000000d6c00000,0x00000000d6ccb650,0x00000000d6d00000)
  to   space 1536K, 0% used [0x00000000d6a00000,0x00000000d6a00000,0x00000000d6b80000)
 ParOldGen       total 68608K, used 42565K [0x0000000080000000, 0x0000000084300000, 0x00000000d5580000)
  object space 68608K, 62% used [0x0000000080000000,0x0000000082991660,0x0000000084300000)
 Metaspace       used 56194K, committed 57408K, reserved 1114112K
  class space    used 6157K, committed 6656K, reserved 1048576K
}
Event: 35.618 GC heap after
{Heap after GC invocations=31 (full 2):
 PSYoungGen      total 20480K, used 717K [0x00000000d5580000, 0x00000000d6c80000, 0x0000000100000000)
  eden space 18944K, 0% used [0x00000000d5580000,0x00000000d5580000,0x00000000d6800000)
  from space 1536K, 46% used [0x00000000d6a00000,0x00000000d6ab34d0,0x00000000d6b80000)
  to   space 1024K, 0% used [0x00000000d6b80000,0x00000000d6b80000,0x00000000d6c80000)
 ParOldGen       total 68608K, used 43235K [0x0000000080000000, 0x0000000084300000, 0x00000000d5580000)
  object space 68608K, 63% used [0x0000000080000000,0x0000000082a38cb0,0x0000000084300000)
 Metaspace       used 56194K, committed 57408K, reserved 1114112K
  class space    used 6157K, committed 6656K, reserved 1048576K
}
Event: 35.670 GC heap before
{Heap before GC invocations=32 (full 2):
 PSYoungGen      total 20480K, used 19661K [0x00000000d5580000, 0x00000000d6c80000, 0x0000000100000000)
  eden space 18944K, 100% used [0x00000000d5580000,0x00000000d6800000,0x00000000d6800000)
  from space 1536K, 46% used [0x00000000d6a00000,0x00000000d6ab34d0,0x00000000d6b80000)
  to   space 1024K, 0% used [0x00000000d6b80000,0x00000000d6b80000,0x00000000d6c80000)
 ParOldGen       total 68608K, used 43235K [0x0000000080000000, 0x0000000084300000, 0x00000000d5580000)
  object space 68608K, 63% used [0x0000000080000000,0x0000000082a38cb0,0x0000000084300000)
 Metaspace       used 56740K, committed 57984K, reserved 1114112K
  class space    used 6205K, committed 6720K, reserved 1048576K
}
Event: 35.671 GC heap after
{Heap after GC invocations=32 (full 2):
 PSYoungGen      total 19456K, used 192K [0x00000000d5580000, 0x00000000d6c00000, 0x0000000100000000)
  eden space 18944K, 0% used [0x00000000d5580000,0x00000000d5580000,0x00000000d6800000)
  from space 512K, 37% used [0x00000000d6b80000,0x00000000d6bb0000,0x00000000d6c00000)
  to   space 512K, 0% used [0x00000000d6b00000,0x00000000d6b00000,0x00000000d6b80000)
 ParOldGen       total 68608K, used 43259K [0x0000000080000000, 0x0000000084300000, 0x00000000d5580000)
  object space 68608K, 63% used [0x0000000080000000,0x0000000082a3ecb0,0x0000000084300000)
 Metaspace       used 56740K, committed 57984K, reserved 1114112K
  class space    used 6205K, committed 6720K, reserved 1048576K
}
Event: 35.948 GC heap before
{Heap before GC invocations=33 (full 2):
 PSYoungGen      total 19456K, used 14738K [0x00000000d5580000, 0x00000000d6c00000, 0x0000000100000000)
  eden space 18944K, 76% used [0x00000000d5580000,0x00000000d63b4a10,0x00000000d6800000)
  from space 512K, 37% used [0x00000000d6b80000,0x00000000d6bb0000,0x00000000d6c00000)
  to   space 512K, 0% used [0x00000000d6b00000,0x00000000d6b00000,0x00000000d6b80000)
 ParOldGen       total 68608K, used 43259K [0x0000000080000000, 0x0000000084300000, 0x00000000d5580000)
  object space 68608K, 63% used [0x0000000080000000,0x0000000082a3ecb0,0x0000000084300000)
 Metaspace       used 58626K, committed 59776K, reserved 1114112K
  class space    used 6387K, committed 6912K, reserved 1048576K
}
Event: 35.949 GC heap after
{Heap after GC invocations=33 (full 2):
 PSYoungGen      total 19456K, used 485K [0x00000000d5580000, 0x00000000d6c00000, 0x0000000100000000)
  eden space 18944K, 0% used [0x00000000d5580000,0x00000000d5580000,0x00000000d6800000)
  from space 512K, 94% used [0x00000000d6b00000,0x00000000d6b795f0,0x00000000d6b80000)
  to   space 512K, 0% used [0x00000000d6b80000,0x00000000d6b80000,0x00000000d6c00000)
 ParOldGen       total 68608K, used 43508K [0x0000000080000000, 0x0000000084300000, 0x00000000d5580000)
  object space 68608K, 63% used [0x0000000080000000,0x0000000082a7d3a8,0x0000000084300000)
 Metaspace       used 58626K, committed 59776K, reserved 1114112K
  class space    used 6387K, committed 6912K, reserved 1048576K
}
Event: 35.949 GC heap before
{Heap before GC invocations=34 (full 3):
 PSYoungGen      total 19456K, used 485K [0x00000000d5580000, 0x00000000d6c00000, 0x0000000100000000)
  eden space 18944K, 0% used [0x00000000d5580000,0x00000000d5580000,0x00000000d6800000)
  from space 512K, 94% used [0x00000000d6b00000,0x00000000d6b795f0,0x00000000d6b80000)
  to   space 512K, 0% used [0x00000000d6b80000,0x00000000d6b80000,0x00000000d6c00000)
 ParOldGen       total 68608K, used 43508K [0x0000000080000000, 0x0000000084300000, 0x00000000d5580000)
  object space 68608K, 63% used [0x0000000080000000,0x0000000082a7d3a8,0x0000000084300000)
 Metaspace       used 58626K, committed 59776K, reserved 1114112K
  class space    used 6387K, committed 6912K, reserved 1048576K
}
Event: 36.013 GC heap after
{Heap after GC invocations=34 (full 3):
 PSYoungGen      total 19456K, used 0K [0x00000000d5580000, 0x00000000d6c00000, 0x0000000100000000)
  eden space 18944K, 0% used [0x00000000d5580000,0x00000000d5580000,0x00000000d6800000)
  from space 512K, 0% used [0x00000000d6b00000,0x00000000d6b00000,0x00000000d6b80000)
  to   space 512K, 0% used [0x00000000d6b80000,0x00000000d6b80000,0x00000000d6c00000)
 ParOldGen       total 68608K, used 41557K [0x0000000080000000, 0x0000000084300000, 0x00000000d5580000)
  object space 68608K, 60% used [0x0000000080000000,0x00000000828955b8,0x0000000084300000)
 Metaspace       used 58626K, committed 59776K, reserved 1114112K
  class space    used 6387K, committed 6912K, reserved 1048576K
}
Event: 36.387 GC heap before
{Heap before GC invocations=35 (full 3):
 PSYoungGen      total 19456K, used 18944K [0x00000000d5580000, 0x00000000d6c00000, 0x0000000100000000)
  eden space 18944K, 100% used [0x00000000d5580000,0x00000000d6800000,0x00000000d6800000)
  from space 512K, 0% used [0x00000000d6b00000,0x00000000d6b00000,0x00000000d6b80000)
  to   space 512K, 0% used [0x00000000d6b80000,0x00000000d6b80000,0x00000000d6c00000)
 ParOldGen       total 68608K, used 41557K [0x0000000080000000, 0x0000000084300000, 0x00000000d5580000)
  object space 68608K, 60% used [0x0000000080000000,0x00000000828955b8,0x0000000084300000)
 Metaspace       used 61320K, committed 62592K, reserved 1114112K
  class space    used 6678K, committed 7232K, reserved 1048576K
}
Event: 36.390 GC heap after
{Heap after GC invocations=35 (full 3):
 PSYoungGen      total 19456K, used 498K [0x00000000d5580000, 0x00000000d6c00000, 0x0000000100000000)
  eden space 18944K, 0% used [0x00000000d5580000,0x00000000d5580000,0x00000000d6800000)
  from space 512K, 97% used [0x00000000d6b80000,0x00000000d6bfcb08,0x00000000d6c00000)
  to   space 1536K, 0% used [0x00000000d6900000,0x00000000d6900000,0x00000000d6a80000)
 ParOldGen       total 68608K, used 42260K [0x0000000080000000, 0x0000000084300000, 0x00000000d5580000)
  object space 68608K, 61% used [0x0000000080000000,0x0000000082945150,0x0000000084300000)
 Metaspace       used 61320K, committed 62592K, reserved 1114112K
  class space    used 6678K, committed 7232K, reserved 1048576K
}
Event: 36.623 GC heap before
{Heap before GC invocations=36 (full 3):
 PSYoungGen      total 19456K, used 18677K [0x00000000d5580000, 0x00000000d6c00000, 0x0000000100000000)
  eden space 18944K, 95% used [0x00000000d5580000,0x00000000d6740c10,0x00000000d6800000)
  from space 512K, 97% used [0x00000000d6b80000,0x00000000d6bfcb08,0x00000000d6c00000)
  to   space 1536K, 0% used [0x00000000d6900000,0x00000000d6900000,0x00000000d6a80000)
 ParOldGen       total 68608K, used 42260K [0x0000000080000000, 0x0000000084300000, 0x00000000d5580000)
  object space 68608K, 61% used [0x0000000080000000,0x0000000082945150,0x0000000084300000)
 Metaspace       used 63265K, committed 64640K, reserved 1114112K
  class space    used 6870K, committed 7488K, reserved 1048576K
}
Event: 36.626 GC heap after
{Heap after GC invocations=36 (full 3):
 PSYoungGen      total 20480K, used 992K [0x00000000d5580000, 0x00000000d6c00000, 0x0000000100000000)
  eden space 18944K, 0% used [0x00000000d5580000,0x00000000d5580000,0x00000000d6800000)
  from space 1536K, 64% used [0x00000000d6900000,0x00000000d69f8040,0x00000000d6a80000)
  to   space 1536K, 0% used [0x00000000d6a80000,0x00000000d6a80000,0x00000000d6c00000)
 ParOldGen       total 68608K, used 42729K [0x0000000080000000, 0x0000000084300000, 0x00000000d5580000)
  object space 68608K, 62% used [0x0000000080000000,0x00000000829ba7b8,0x0000000084300000)
 Metaspace       used 63265K, committed 64640K, reserved 1114112K
  class space    used 6870K, committed 7488K, reserved 1048576K
}
Event: 36.921 GC heap before
{Heap before GC invocations=37 (full 3):
 PSYoungGen      total 20480K, used 19917K [0x00000000d5580000, 0x00000000d6c00000, 0x0000000100000000)
  eden space 18944K, 99% used [0x00000000d5580000,0x00000000d67fb4b0,0x00000000d6800000)
  from space 1536K, 64% used [0x00000000d6900000,0x00000000d69f8040,0x00000000d6a80000)
  to   space 1536K, 0% used [0x00000000d6a80000,0x00000000d6a80000,0x00000000d6c00000)
 ParOldGen       total 68608K, used 42729K [0x0000000080000000, 0x0000000084300000, 0x00000000d5580000)
  object space 68608K, 62% used [0x0000000080000000,0x00000000829ba7b8,0x0000000084300000)
 Metaspace       used 64618K, committed 66048K, reserved 1114112K
  class space    used 7010K, committed 7616K, reserved 1048576K
}
Event: 36.925 GC heap after
{Heap after GC invocations=37 (full 3):
 PSYoungGen      total 19456K, used 1523K [0x00000000d5580000, 0x00000000d6f00000, 0x0000000100000000)
  eden space 17920K, 0% used [0x00000000d5580000,0x00000000d5580000,0x00000000d6700000)
  from space 1536K, 99% used [0x00000000d6a80000,0x00000000d6bfcd80,0x00000000d6c00000)
  to   space 3584K, 0% used [0x00000000d6700000,0x00000000d6700000,0x00000000d6a80000)
 ParOldGen       total 68608K, used 43984K [0x0000000080000000, 0x0000000084300000, 0x00000000d5580000)
  object space 68608K, 64% used [0x0000000080000000,0x0000000082af4018,0x0000000084300000)
 Metaspace       used 64618K, committed 66048K, reserved 1114112K
  class space    used 7010K, committed 7616K, reserved 1048576K
}
Event: 37.272 GC heap before
{Heap before GC invocations=38 (full 3):
 PSYoungGen      total 19456K, used 19443K [0x00000000d5580000, 0x00000000d6f00000, 0x0000000100000000)
  eden space 17920K, 99% used [0x00000000d5580000,0x00000000d66fffd0,0x00000000d6700000)
  from space 1536K, 99% used [0x00000000d6a80000,0x00000000d6bfcd80,0x00000000d6c00000)
  to   space 3584K, 0% used [0x00000000d6700000,0x00000000d6700000,0x00000000d6a80000)
 ParOldGen       total 68608K, used 43984K [0x0000000080000000, 0x0000000084300000, 0x00000000d5580000)
  object space 68608K, 64% used [0x0000000080000000,0x0000000082af4018,0x0000000084300000)
 Metaspace       used 65914K, committed 67328K, reserved 1114112K
  class space    used 7114K, committed 7680K, reserved 1048576K
}
Event: 37.276 GC heap after
{Heap after GC invocations=38 (full 3):
 PSYoungGen      total 20480K, used 2116K [0x00000000d5580000, 0x00000000d6c00000, 0x0000000100000000)
  eden space 17920K, 0% used [0x00000000d5580000,0x00000000d5580000,0x00000000d6700000)
  from space 2560K, 82% used [0x00000000d6700000,0x00000000d6911378,0x00000000d6980000)
  to   space 2560K, 0% used [0x00000000d6980000,0x00000000d6980000,0x00000000d6c00000)
 ParOldGen       total 68608K, used 45372K [0x0000000080000000, 0x0000000084300000, 0x00000000d5580000)
  object space 68608K, 66% used [0x0000000080000000,0x0000000082c4f2d8,0x0000000084300000)
 Metaspace       used 65914K, committed 67328K, reserved 1114112K
  class space    used 7114K, committed 7680K, reserved 1048576K
}

