# JRE version: OpenJDK Runtime Environment Temurin-21.0.10+7 (21.0.10+7) (build 21.0.10+7-LTS)
# Java VM: OpenJDK 64-Bit Server VM Temurin-21.0.10+7 (21.0.10+7-LTS, mixed mode, sharing, tiered, compressed oops, compressed class ptrs, parallel gc, windows-amd64)
GC Precious Log:
 CardTable entry size: 512
 CPUs: 8 total, 8 available
 Memory: 16057M
 Large Page Support: Disabled
 NUMA Support: Disabled
 Compressed Oops: Enabled (32-bit)
 Alignments: Space 512K, Generation 512K, Heap 2M
 Heap Min Capacity: 100M
 Heap Initial Capacity: 100M
 Heap Max Capacity: 2G
 Pre-touch: Disabled
 Parallel Workers: 8
Heap:
 PSYoungGen      total 3072K, used 496K [0x00000000d5580000, 0x00000000d5980000, 0x0000000100000000)
  eden space 2560K, 0% used [0x00000000d5580000,0x00000000d5580000,0x00000000d5800000)
  from space 512K, 96% used [0x00000000d5900000,0x00000000d597c010,0x00000000d5980000)
  to   space 512K, 0% used [0x00000000d5880000,0x00000000d5880000,0x00000000d5900000)
 ParOldGen       total 86016K, used 63709K [0x0000000080000000, 0x0000000085400000, 0x00000000d5580000)
  object space 86016K, 74% used [0x0000000080000000,0x0000000083e376f8,0x0000000085400000)
 Metaspace       used 89845K, committed 91520K, reserved 1179648K
  class space    used 8913K, committed 9664K, reserved 1048576K
GC Heap History (20 events):
Event: 3326.243 GC heap after
{Heap after GC invocations=6607 (full 10):
 PSYoungGen      total 3072K, used 224K [0x00000000d5580000, 0x00000000d5980000, 0x0000000100000000)
  eden space 2560K, 0% used [0x00000000d5580000,0x00000000d5580000,0x00000000d5800000)
  from space 512K, 43% used [0x00000000d5900000,0x00000000d5938000,0x00000000d5980000)
  to   space 512K, 0% used [0x00000000d5880000,0x00000000d5880000,0x00000000d5900000)
 ParOldGen       total 86016K, used 62895K [0x0000000080000000, 0x0000000085400000, 0x00000000d5580000)
  object space 86016K, 73% used [0x0000000080000000,0x0000000083d6bc78,0x0000000085400000)
 Metaspace       used 89841K, committed 91520K, reserved 1179648K
  class space    used 8913K, committed 9664K, reserved 1048576K
}
Event: 3326.252 GC heap before
{Heap before GC invocations=6608 (full 10):
 PSYoungGen      total 3072K, used 2784K [0x00000000d5580000, 0x00000000d5980000, 0x0000000100000000)
  eden space 2560K, 100% used [0x00000000d5580000,0x00000000d5800000,0x00000000d5800000)
  from space 512K, 43% used [0x00000000d5900000,0x00000000d5938000,0x00000000d5980000)
  to   space 512K, 0% used [0x00000000d5880000,0x00000000d5880000,0x00000000d5900000)
 ParOldGen       total 86016K, used 62895K [0x0000000080000000, 0x0000000085400000, 0x00000000d5580000)
  object space 86016K, 73% used [0x0000000080000000,0x0000000083d6bc78,0x0000000085400000)
 Metaspace       used 89841K, committed 91520K, reserved 1179648K
  class space    used 8913K, committed 9664K, reserved 1048576K
}
Event: 3326.253 GC heap after
{Heap after GC invocations=6608 (full 10):
 PSYoungGen      total 3072K, used 512K [0x00000000d5580000, 0x00000000d5a00000, 0x0000000100000000)
  eden space 2560K, 0% used [0x00000000d5580000,0x00000000d5580000,0x00000000d5800000)
  from space 512K, 100% used [0x00000000d5880000,0x00000000d5900000,0x00000000d5900000)
  to   space 1024K, 0% used [0x00000000d5900000,0x00000000d5900000,0x00000000d5a00000)
 ParOldGen       total 86016K, used 62951K [0x0000000080000000, 0x0000000085400000, 0x00000000d5580000)
  object space 86016K, 73% used [0x0000000080000000,0x0000000083d79c88,0x0000000085400000)
 Metaspace       used 89841K, committed 91520K, reserved 1179648K
  class space    used 8913K, committed 9664K, reserved 1048576K
}
Event: 3326.273 GC heap before
{Heap before GC invocations=6609 (full 10):
 PSYoungGen      total 3072K, used 3071K [0x00000000d5580000, 0x00000000d5a00000, 0x0000000100000000)
  eden space 2560K, 99% used [0x00000000d5580000,0x00000000d57ffff8,0x00000000d5800000)
  from space 512K, 100% used [0x00000000d5880000,0x00000000d5900000,0x00000000d5900000)
  to   space 1024K, 0% used [0x00000000d5900000,0x00000000d5900000,0x00000000d5a00000)
 ParOldGen       total 86016K, used 62951K [0x0000000080000000, 0x0000000085400000, 0x00000000d5580000)
  object space 86016K, 73% used [0x0000000080000000,0x0000000083d79c88,0x0000000085400000)
 Metaspace       used 89841K, committed 91520K, reserved 1179648K
  class space    used 8913K, committed 9664K, reserved 1048576K
}
Event: 3326.274 GC heap after
{Heap after GC invocations=6609 (full 10):
 PSYoungGen      total 3072K, used 416K [0x00000000d5580000, 0x00000000d5980000, 0x0000000100000000)
  eden space 2560K, 0% used [0x00000000d5580000,0x00000000d5580000,0x00000000d5800000)
  from space 512K, 81% used [0x00000000d5900000,0x00000000d5968000,0x00000000d5980000)
  to   space 512K, 0% used [0x00000000d5880000,0x00000000d5880000,0x00000000d5900000)
 ParOldGen       total 86016K, used 63007K [0x0000000080000000, 0x0000000085400000, 0x00000000d5580000)
  object space 86016K, 73% used [0x0000000080000000,0x0000000083d87c88,0x0000000085400000)
 Metaspace       used 89841K, committed 91520K, reserved 1179648K
  class space    used 8913K, committed 9664K, reserved 1048576K
}
Event: 3326.302 GC heap before
{Heap before GC invocations=6610 (full 10):
 PSYoungGen      total 3072K, used 2975K [0x00000000d5580000, 0x00000000d5980000, 0x0000000100000000)
  eden space 2560K, 99% used [0x00000000d5580000,0x00000000d57fffc0,0x00000000d5800000)
  from space 512K, 81% used [0x00000000d5900000,0x00000000d5968000,0x00000000d5980000)
  to   space 512K, 0% used [0x00000000d5880000,0x00000000d5880000,0x00000000d5900000)
 ParOldGen       total 86016K, used 63007K [0x0000000080000000, 0x0000000085400000, 0x00000000d5580000)
  object space 86016K, 73% used [0x0000000080000000,0x0000000083d87c88,0x0000000085400000)
 Metaspace       used 89841K, committed 91520K, reserved 1179648K
  class space    used 8913K, committed 9664K, reserved 1048576K
}
Event: 3326.303 GC heap after
{Heap after GC invocations=6610 (full 10):
 PSYoungGen      total 3072K, used 320K [0x00000000d5580000, 0x00000000d5980000, 0x0000000100000000)
  eden space 2560K, 0% used [0x00000000d5580000,0x00000000d5580000,0x00000000d5800000)
  from space 512K, 62% used [0x00000000d5880000,0x00000000d58d0020,0x00000000d5900000)
  to   space 512K, 0% used [0x00000000d5900000,0x00000000d5900000,0x00000000d5980000)
 ParOldGen       total 86016K, used 63063K [0x0000000080000000, 0x0000000085400000, 0x00000000d5580000)
  object space 86016K, 73% used [0x0000000080000000,0x0000000083d95c88,0x0000000085400000)
 Metaspace       used 89841K, committed 91520K, reserved 1179648K
  class space    used 8913K, committed 9664K, reserved 1048576K
}
Event: 3326.316 GC heap before
{Heap before GC invocations=6611 (full 10):
 PSYoungGen      total 3072K, used 2879K [0x00000000d5580000, 0x00000000d5980000, 0x0000000100000000)
  eden space 2560K, 99% used [0x00000000d5580000,0x00000000d57fffd8,0x00000000d5800000)
  from space 512K, 62% used [0x00000000d5880000,0x00000000d58d0020,0x00000000d5900000)
  to   space 512K, 0% used [0x00000000d5900000,0x00000000d5900000,0x00000000d5980000)
 ParOldGen       total 86016K, used 63063K [0x0000000080000000, 0x0000000085400000, 0x00000000d5580000)
  object space 86016K, 73% used [0x0000000080000000,0x0000000083d95c88,0x0000000085400000)
 Metaspace       used 89841K, committed 91520K, reserved 1179648K
  class space    used 8913K, committed 9664K, reserved 1048576K
}
Event: 3326.317 GC heap after
{Heap after GC invocations=6611 (full 10):
 PSYoungGen      total 3072K, used 496K [0x00000000d5580000, 0x00000000d5a00000, 0x0000000100000000)
  eden space 2560K, 0% used [0x00000000d5580000,0x00000000d5580000,0x00000000d5800000)
  from space 512K, 96% used [0x00000000d5900000,0x00000000d597c010,0x00000000d5980000)
  to   space 1024K, 0% used [0x00000000d5800000,0x00000000d5800000,0x00000000d5900000)
 ParOldGen       total 86016K, used 63175K [0x0000000080000000, 0x0000000085400000, 0x00000000d5580000)
  object space 86016K, 73% used [0x0000000080000000,0x0000000083db1ca8,0x0000000085400000)
 Metaspace       used 89841K, committed 91520K, reserved 1179648K
  class space    used 8913K, committed 9664K, reserved 1048576K
}
Event: 3326.562 GC heap before
{Heap before GC invocations=6612 (full 10):
 PSYoungGen      total 3072K, used 3048K [0x00000000d5580000, 0x00000000d5a00000, 0x0000000100000000)
  eden space 2560K, 99% used [0x00000000d5580000,0x00000000d57fe0e0,0x00000000d5800000)
  from space 512K, 96% used [0x00000000d5900000,0x00000000d597c010,0x00000000d5980000)
  to   space 1024K, 0% used [0x00000000d5800000,0x00000000d5800000,0x00000000d5900000)
 ParOldGen       total 86016K, used 63175K [0x0000000080000000, 0x0000000085400000, 0x00000000d5580000)
  object space 86016K, 73% used [0x0000000080000000,0x0000000083db1ca8,0x0000000085400000)
 Metaspace       used 89843K, committed 91520K, reserved 1179648K
  class space    used 8913K, committed 9664K, reserved 1048576K
}
Event: 3326.564 GC heap after
{Heap after GC invocations=6612 (full 10):
 PSYoungGen      total 3584K, used 224K [0x00000000d5580000, 0x00000000d5980000, 0x0000000100000000)
  eden space 2560K, 0% used [0x00000000d5580000,0x00000000d5580000,0x00000000d5800000)
  from space 1024K, 21% used [0x00000000d5800000,0x00000000d5838000,0x00000000d5900000)
  to   space 512K, 0% used [0x00000000d5900000,0x00000000d5900000,0x00000000d5980000)
 ParOldGen       total 86016K, used 63223K [0x0000000080000000, 0x0000000085400000, 0x00000000d5580000)
  object space 86016K, 73% used [0x0000000080000000,0x0000000083dbdca8,0x0000000085400000)
 Metaspace       used 89843K, committed 91520K, reserved 1179648K
  class space    used 8913K, committed 9664K, reserved 1048576K
}
Event: 3326.732 GC heap before
{Heap before GC invocations=6613 (full 10):
 PSYoungGen      total 3584K, used 2784K [0x00000000d5580000, 0x00000000d5980000, 0x0000000100000000)
  eden space 2560K, 100% used [0x00000000d5580000,0x00000000d5800000,0x00000000d5800000)
  from space 1024K, 21% used [0x00000000d5800000,0x00000000d5838000,0x00000000d5900000)
  to   space 512K, 0% used [0x00000000d5900000,0x00000000d5900000,0x00000000d5980000)
 ParOldGen       total 86016K, used 63223K [0x0000000080000000, 0x0000000085400000, 0x00000000d5580000)
  object space 86016K, 73% used [0x0000000080000000,0x0000000083dbdca8,0x0000000085400000)
 Metaspace       used 89843K, committed 91520K, reserved 1179648K
  class space    used 8913K, committed 9664K, reserved 1048576K
}
Event: 3326.733 GC heap after
{Heap after GC invocations=6613 (full 10):
 PSYoungGen      total 3072K, used 288K [0x00000000d5580000, 0x00000000d5980000, 0x0000000100000000)
  eden space 2560K, 0% used [0x00000000d5580000,0x00000000d5580000,0x00000000d5800000)
  from space 512K, 56% used [0x00000000d5900000,0x00000000d5948000,0x00000000d5980000)
  to   space 512K, 0% used [0x00000000d5880000,0x00000000d5880000,0x00000000d5900000)
 ParOldGen       total 86016K, used 63271K [0x0000000080000000, 0x0000000085400000, 0x00000000d5580000)
  object space 86016K, 73% used [0x0000000080000000,0x0000000083dc9ca8,0x0000000085400000)
 Metaspace       used 89843K, committed 91520K, reserved 1179648K
  class space    used 8913K, committed 9664K, reserved 1048576K
}
Event: 3326.855 GC heap before
{Heap before GC invocations=6614 (full 10):
 PSYoungGen      total 3072K, used 2847K [0x00000000d5580000, 0x00000000d5980000, 0x0000000100000000)
  eden space 2560K, 99% used [0x00000000d5580000,0x00000000d57fffd0,0x00000000d5800000)
  from space 512K, 56% used [0x00000000d5900000,0x00000000d5948000,0x00000000d5980000)
  to   space 512K, 0% used [0x00000000d5880000,0x00000000d5880000,0x00000000d5900000)
 ParOldGen       total 86016K, used 63271K [0x0000000080000000, 0x0000000085400000, 0x00000000d5580000)
  object space 86016K, 73% used [0x0000000080000000,0x0000000083dc9ca8,0x0000000085400000)
 Metaspace       used 89843K, committed 91520K, reserved 1179648K
  class space    used 8913K, committed 9664K, reserved 1048576K
}
Event: 3327.857 GC heap after
{Heap after GC invocations=6614 (full 10):
 PSYoungGen      total 3072K, used 480K [0x00000000d5580000, 0x00000000d5a00000, 0x0000000100000000)
  eden space 2560K, 0% used [0x00000000d5580000,0x00000000d5580000,0x00000000d5800000)
  from space 512K, 93% used [0x00000000d5880000,0x00000000d58f8000,0x00000000d5900000)
  to   space 1024K, 0% used [0x00000000d5900000,0x00000000d5900000,0x00000000d5a00000)
 ParOldGen       total 86016K, used 63327K [0x0000000080000000, 0x0000000085400000, 0x00000000d5580000)
  object space 86016K, 73% used [0x0000000080000000,0x0000000083dd7ca8,0x0000000085400000)
 Metaspace       used 89843K, committed 91520K, reserved 1179648K
  class space    used 8913K, committed 9664K, reserved 1048576K
}
Event: 3327.892 GC heap before
{Heap before GC invocations=6615 (full 10):
 PSYoungGen      total 3072K, used 3040K [0x00000000d5580000, 0x00000000d5a00000, 0x0000000100000000)
  eden space 2560K, 100% used [0x00000000d5580000,0x00000000d5800000,0x00000000d5800000)
  from space 512K, 93% used [0x00000000d5880000,0x00000000d58f8000,0x00000000d5900000)
  to   space 1024K, 0% used [0x00000000d5900000,0x00000000d5900000,0x00000000d5a00000)
 ParOldGen       total 86016K, used 63327K [0x0000000080000000, 0x0000000085400000, 0x00000000d5580000)
  object space 86016K, 73% used [0x0000000080000000,0x0000000083dd7ca8,0x0000000085400000)
 Metaspace       used 89843K, committed 91520K, reserved 1179648K
  class space    used 8913K, committed 9664K, reserved 1048576K
}
Event: 3327.895 GC heap after
{Heap after GC invocations=6615 (full 10):
 PSYoungGen      total 3072K, used 320K [0x00000000d5580000, 0x00000000d5980000, 0x0000000100000000)
  eden space 2560K, 0% used [0x00000000d5580000,0x00000000d5580000,0x00000000d5800000)
  from space 512K, 62% used [0x00000000d5900000,0x00000000d5950000,0x00000000d5980000)
  to   space 512K, 0% used [0x00000000d5880000,0x00000000d5880000,0x00000000d5900000)
 ParOldGen       total 86016K, used 63375K [0x0000000080000000, 0x0000000085400000, 0x00000000d5580000)
  object space 86016K, 73% used [0x0000000080000000,0x0000000083de3ca8,0x0000000085400000)
 Metaspace       used 89843K, committed 91520K, reserved 1179648K
  class space    used 8913K, committed 9664K, reserved 1048576K
}
Event: 3327.919 GC heap before
{Heap before GC invocations=6616 (full 10):
 PSYoungGen      total 3072K, used 2880K [0x00000000d5580000, 0x00000000d5980000, 0x0000000100000000)
  eden space 2560K, 100% used [0x00000000d5580000,0x00000000d5800000,0x00000000d5800000)
  from space 512K, 62% used [0x00000000d5900000,0x00000000d5950000,0x00000000d5980000)
  to   space 512K, 0% used [0x00000000d5880000,0x00000000d5880000,0x00000000d5900000)
 ParOldGen       total 86016K, used 63375K [0x0000000080000000, 0x0000000085400000, 0x00000000d5580000)
  object space 86016K, 73% used [0x0000000080000000,0x0000000083de3ca8,0x0000000085400000)
 Metaspace       used 89843K, committed 91520K, reserved 1179648K
  class space    used 8913K, committed 9664K, reserved 1048576K
}
Event: 3327.921 GC heap after
{Heap after GC invocations=6616 (full 10):
 PSYoungGen      total 3072K, used 368K [0x00000000d5580000, 0x00000000d5980000, 0x0000000100000000)
  eden space 2560K, 0% used [0x00000000d5580000,0x00000000d5580000,0x00000000d5800000)
  from space 512K, 71% used [0x00000000d5880000,0x00000000d58dc010,0x00000000d5900000)
  to   space 512K, 0% used [0x00000000d5900000,0x00000000d5900000,0x00000000d5980000)
 ParOldGen       total 86016K, used 63415K [0x0000000080000000, 0x0000000085400000, 0x00000000d5580000)
  object space 86016K, 73% used [0x0000000080000000,0x0000000083dedca8,0x0000000085400000)
 Metaspace       used 89843K, committed 91520K, reserved 1179648K
  class space    used 8913K, committed 9664K, reserved 1048576K
}
Event: 3328.280 GC heap before
{Heap before GC invocations=6617 (full 10):
 PSYoungGen      total 3072K, used 2928K [0x00000000d5580000, 0x00000000d5980000, 0x0000000100000000)
  eden space 2560K, 100% used [0x00000000d5580000,0x00000000d5800000,0x00000000d5800000)
  from space 512K, 71% used [0x00000000d5880000,0x00000000d58dc010,0x00000000d5900000)
  to   space 512K, 0% used [0x00000000d5900000,0x00000000d5900000,0x00000000d5980000)
 ParOldGen       total 86016K, used 63415K [0x0000000080000000, 0x0000000085400000, 0x00000000d5580000)
  object space 86016K, 73% used [0x0000000080000000,0x0000000083dedca8,0x0000000085400000)
 Metaspace       used 89845K, committed 91520K, reserved 1179648K
  class space    used 8913K, committed 9664K, reserved 1048576K
}

